2024-11-14 18:53:20,888 [INFO] Activator:178 - 


2024-11-14 18:53:20,890 [INFO] Activator:179 - !SESSION log4j initialized
2024-11-14 18:53:37,335 [ERROR] LogOutputStream:74 - [STDERR_REDIRECT] [Fatal Error] :1:1: Premature end of file.
2024-11-14 18:53:37,336 [ERROR] LogOutputStream:74 - [STDERR_REDIRECT] 
2024-11-14 18:53:37,516 [ERROR] LogOutputStream:74 - [STDERR_REDIRECT] [Fatal Error] :1:1: Premature end of file.
2024-11-14 18:53:37,516 [ERROR] LogOutputStream:74 - [STDERR_REDIRECT] 
2024-11-14 18:53:37,591 [ERROR] LogOutputStream:74 - [STDERR_REDIRECT] [Fatal Error] :1:1: Premature end of file.
2024-11-14 18:53:37,592 [ERROR] LogOutputStream:74 - [STDERR_REDIRECT] 
2024-11-14 19:08:42,423 [INFO] ApplicationProperties:181 - Using Application install path: C:\ST\STM32CubeIDE_1.4.0\STM32CubeIDE\plugins\com.st.stm32cube.common.mx_6.0.0.202007160824
2024-11-14 19:08:42,442 [INFO] DbMcusXml:70 - Set database path to: C:\ST\STM32CubeIDE_1.4.0\STM32CubeIDE\plugins\com.st.stm32cube.common.mx_6.0.0.202007160824\\db\/mcu/
2024-11-14 19:08:42,442 [INFO] DbBoardsPdsc:56 - Set plugin database path to: C:\ST\STM32CubeIDE_1.4.0\STM32CubeIDE\plugins\com.st.stm32cube.common.mx_6.0.0.202007160824\\db\/plugins/boardmanager/
2024-11-14 19:08:42,442 [INFO] DbMcus:258 - Set plugin images path to: C:\ST\STM32CubeIDE_1.4.0\STM32CubeIDE\plugins\com.st.stm32cube.common.mx_6.0.0.202007160824\\db\/plugins/mcufinder/images/
2024-11-14 19:08:42,449 [INFO] DbBoards:264 - Set plugin images path to: C:\ST\STM32CubeIDE_1.4.0\STM32CubeIDE\plugins\com.st.stm32cube.common.mx_6.0.0.202007160824\\db\/plugins/mcufinder/images/
2024-11-14 19:08:42,450 [INFO] DbExamples:326 - Set plugin images path to: C:\ST\STM32CubeIDE_1.4.0\STM32CubeIDE\plugins\com.st.stm32cube.common.mx_6.0.0.202007160824\\db\/plugins/mcufinder/images/
2024-11-14 19:08:44,563 [WARN] ApiFinderProperties:99 - C:\Users\hazem\.stmcufinder\plugins\mcufinder\mcu\mcuFinder.mfd doesn't exist
2024-11-14 19:08:44,574 [INFO] DbMcusDocs:112 - Set database path to: C:\Users\hazem\.stmcufinder\plugins\mcufinder//mcu/
2024-11-14 19:08:44,574 [INFO] DbMcusJson:63 - Set database path to: C:\Users\hazem\.stmcufinder\plugins\mcufinder//mcu/
2024-11-14 19:08:44,580 [INFO] DbBoardsDocs:112 - Set database path to: C:\Users\hazem\.stmcufinder\plugins\mcufinder//mcu/
2024-11-14 19:08:44,580 [INFO] DbBoardsJson:56 - Set database path to: C:\Users\hazem\.stmcufinder\plugins\mcufinder//mcu/
2024-11-14 19:08:44,591 [INFO] CrossReferenceDbSqlite:196 - Set database path to: C:\Users\hazem\.stmcufinder\plugins\mcufinder//mcu/cs/
2024-11-14 19:08:44,596 [INFO] DbExamplesSqlite:800 - Set database path to: C:\Users\hazem\.stmcufinder\plugins\mcufinder//mcu/
2024-11-14 19:08:44,811 [INFO] RulesReader:52 - Compatibility file has been processed (209 Rules)
2024-11-14 19:08:44,948 [INFO] MicroXplorer:564 - Detected Java Version = 1.8.0_252
2024-11-14 19:08:44,950 [INFO] DbMcusXml:70 - Set database path to: C:\ST\STM32CubeIDE_1.4.0\STM32CubeIDE\plugins\com.st.stm32cube.common.mx_6.0.0.202007160824\\db\/mcu/
2024-11-14 19:08:44,950 [INFO] DbBoardsPdsc:56 - Set plugin database path to: C:\ST\STM32CubeIDE_1.4.0\STM32CubeIDE\plugins\com.st.stm32cube.common.mx_6.0.0.202007160824\\db\/plugins/boardmanager/
2024-11-14 19:08:44,950 [INFO] DbMcus:258 - Set plugin images path to: C:\ST\STM32CubeIDE_1.4.0\STM32CubeIDE\plugins\com.st.stm32cube.common.mx_6.0.0.202007160824\\db\/plugins/mcufinder/images/
2024-11-14 19:08:44,950 [INFO] DbBoards:264 - Set plugin images path to: C:\ST\STM32CubeIDE_1.4.0\STM32CubeIDE\plugins\com.st.stm32cube.common.mx_6.0.0.202007160824\\db\/plugins/mcufinder/images/
2024-11-14 19:08:44,950 [INFO] DbExamples:326 - Set plugin images path to: C:\ST\STM32CubeIDE_1.4.0\STM32CubeIDE\plugins\com.st.stm32cube.common.mx_6.0.0.202007160824\\db\/plugins/mcufinder/images/
2024-11-14 19:08:44,950 [WARN] DbFile:36 - Overriding database path with different value: C:\Users\hazem\.stmcufinder\plugins\mcufinder/ => C:\Users\hazem\.stmcufinder\plugins\mcufinder
2024-11-14 19:08:44,950 [INFO] DbMcusDocs:112 - Set database path to: C:\Users\hazem\.stmcufinder\plugins\mcufinder//mcu/
2024-11-14 19:08:44,950 [WARN] DbFile:36 - Overriding database path with different value: C:\Users\hazem\.stmcufinder\plugins\mcufinder/ => C:\Users\hazem\.stmcufinder\plugins\mcufinder
2024-11-14 19:08:44,950 [INFO] DbMcusJson:63 - Set database path to: C:\Users\hazem\.stmcufinder\plugins\mcufinder//mcu/
2024-11-14 19:08:44,950 [WARN] DbFile:36 - Overriding database path with different value: C:\Users\hazem\.stmcufinder\plugins\mcufinder/ => C:\Users\hazem\.stmcufinder\plugins\mcufinder
2024-11-14 19:08:44,950 [INFO] DbBoardsDocs:112 - Set database path to: C:\Users\hazem\.stmcufinder\plugins\mcufinder//mcu/
2024-11-14 19:08:44,950 [WARN] DbFile:36 - Overriding database path with different value: C:\Users\hazem\.stmcufinder\plugins\mcufinder/ => C:\Users\hazem\.stmcufinder\plugins\mcufinder
2024-11-14 19:08:44,950 [INFO] DbBoardsJson:56 - Set database path to: C:\Users\hazem\.stmcufinder\plugins\mcufinder//mcu/
2024-11-14 19:08:44,950 [WARN] DbFile:36 - Overriding database path with different value: C:\Users\hazem\.stmcufinder\plugins\mcufinder/ => C:\Users\hazem\.stmcufinder\plugins\mcufinder
2024-11-14 19:08:44,950 [WARN] DbFile:36 - Overriding database path with different value: C:\Users\hazem\.stmcufinder\plugins\mcufinder/ => C:\Users\hazem\.stmcufinder\plugins\mcufinder
2024-11-14 19:08:44,950 [INFO] CrossReferenceDbSqlite:196 - Set database path to: C:\Users\hazem\.stmcufinder\plugins\mcufinder//mcu/cs/
2024-11-14 19:08:44,950 [WARN] DbFile:36 - Overriding database path with different value: C:\Users\hazem\.stmcufinder\plugins\mcufinder/ => C:\Users\hazem\.stmcufinder\plugins\mcufinder
2024-11-14 19:08:44,950 [INFO] DbExamplesSqlite:800 - Set database path to: C:\Users\hazem\.stmcufinder\plugins\mcufinder//mcu/
2024-11-14 19:08:45,059 [INFO] MainPanel:189 - HeapMemory: 799014912
2024-11-14 19:08:45,183 [INFO] DbMcusXml:70 - Set database path to: C:\ST\STM32CubeIDE_1.4.0\STM32CubeIDE\plugins\com.st.stm32cube.common.mx_6.0.0.202007160824\\db\/mcu/
2024-11-14 19:08:45,183 [INFO] DbBoardsPdsc:56 - Set plugin database path to: C:\ST\STM32CubeIDE_1.4.0\STM32CubeIDE\plugins\com.st.stm32cube.common.mx_6.0.0.202007160824\\db\/plugins/boardmanager/
2024-11-14 19:08:45,184 [INFO] DbMcus:258 - Set plugin images path to: C:\ST\STM32CubeIDE_1.4.0\STM32CubeIDE\plugins\com.st.stm32cube.common.mx_6.0.0.202007160824\\db\/plugins/mcufinder/images/
2024-11-14 19:08:45,184 [INFO] DbBoards:264 - Set plugin images path to: C:\ST\STM32CubeIDE_1.4.0\STM32CubeIDE\plugins\com.st.stm32cube.common.mx_6.0.0.202007160824\\db\/plugins/mcufinder/images/
2024-11-14 19:08:45,184 [INFO] DbExamples:326 - Set plugin images path to: C:\ST\STM32CubeIDE_1.4.0\STM32CubeIDE\plugins\com.st.stm32cube.common.mx_6.0.0.202007160824\\db\/plugins/mcufinder/images/
2024-11-14 19:08:45,184 [WARN] DbFile:36 - Overriding database path with different value: C:\Users\hazem\.stmcufinder\plugins\mcufinder/ => C:\Users\hazem\.stmcufinder\plugins\mcufinder
2024-11-14 19:08:45,184 [INFO] DbMcusDocs:112 - Set database path to: C:\Users\hazem\.stmcufinder\plugins\mcufinder//mcu/
2024-11-14 19:08:45,184 [WARN] DbFile:36 - Overriding database path with different value: C:\Users\hazem\.stmcufinder\plugins\mcufinder/ => C:\Users\hazem\.stmcufinder\plugins\mcufinder
2024-11-14 19:08:45,184 [INFO] DbMcusJson:63 - Set database path to: C:\Users\hazem\.stmcufinder\plugins\mcufinder//mcu/
2024-11-14 19:08:45,184 [WARN] DbFile:36 - Overriding database path with different value: C:\Users\hazem\.stmcufinder\plugins\mcufinder/ => C:\Users\hazem\.stmcufinder\plugins\mcufinder
2024-11-14 19:08:45,184 [INFO] DbBoardsDocs:112 - Set database path to: C:\Users\hazem\.stmcufinder\plugins\mcufinder//mcu/
2024-11-14 19:08:45,184 [WARN] DbFile:36 - Overriding database path with different value: C:\Users\hazem\.stmcufinder\plugins\mcufinder/ => C:\Users\hazem\.stmcufinder\plugins\mcufinder
2024-11-14 19:08:45,184 [INFO] DbBoardsJson:56 - Set database path to: C:\Users\hazem\.stmcufinder\plugins\mcufinder//mcu/
2024-11-14 19:08:45,184 [WARN] DbFile:36 - Overriding database path with different value: C:\Users\hazem\.stmcufinder\plugins\mcufinder/ => C:\Users\hazem\.stmcufinder\plugins\mcufinder
2024-11-14 19:08:45,184 [WARN] DbFile:36 - Overriding database path with different value: C:\Users\hazem\.stmcufinder\plugins\mcufinder/ => C:\Users\hazem\.stmcufinder\plugins\mcufinder
2024-11-14 19:08:45,184 [INFO] CrossReferenceDbSqlite:196 - Set database path to: C:\Users\hazem\.stmcufinder\plugins\mcufinder//mcu/cs/
2024-11-14 19:08:45,184 [WARN] DbFile:36 - Overriding database path with different value: C:\Users\hazem\.stmcufinder\plugins\mcufinder/ => C:\Users\hazem\.stmcufinder\plugins\mcufinder
2024-11-14 19:08:45,184 [INFO] DbExamplesSqlite:800 - Set database path to: C:\Users\hazem\.stmcufinder\plugins\mcufinder//mcu/
2024-11-14 19:08:45,215 [INFO] ApplicationProperties:181 - Using Application install path: C:\ST\STM32CubeIDE_1.4.0\STM32CubeIDE\plugins\com.st.stm32cube.common.mx_6.0.0.202007160824
2024-11-14 19:08:45,215 [INFO] PluginManage:178 - Search for loadable plugins [exclusion list=, ]
2024-11-14 19:08:45,215 [INFO] PluginManage:292 - Check plugin analytics
2024-11-14 19:08:45,463 [INFO] AnalyticsPlugin:203 - Accepted Software Licenses: 
2024-11-14 19:08:45,463 [INFO] AnalyticsPlugin:205 - Accepted CMSIS Pack Licenses: 
2024-11-14 19:08:45,463 [INFO] AnalyticsPlugin:207 - Accepted Firmware Licenses: 
2024-11-14 19:08:45,463 [INFO] PluginManage:342 - Loaded plugin analytics (category:tool,tabindex:-1)
2024-11-14 19:08:45,463 [INFO] PluginManage:292 - Check plugin clock
2024-11-14 19:08:45,512 [INFO] PluginManage:342 - Loaded plugin clock (category:base,tabindex:2)
2024-11-14 19:08:45,512 [INFO] PluginManage:292 - Check plugin ddr
2024-11-14 19:08:45,520 [INFO] PluginManage:342 - Loaded plugin ddr (category:tool,tabindex:6)
2024-11-14 19:08:45,520 [INFO] PluginManage:292 - Check plugin filemanager
2024-11-14 19:08:45,606 [ERROR] LogOutputStream:74 - [STDERR_REDIRECT] [Fatal Error] :1:1: Premature end of file.
2024-11-14 19:08:45,606 [ERROR] LogOutputStream:74 - [STDERR_REDIRECT] 
2024-11-14 19:08:45,651 [ERROR] LogOutputStream:74 - [STDERR_REDIRECT] [Fatal Error] :1:1: Premature end of file.
2024-11-14 19:08:45,651 [ERROR] LogOutputStream:74 - [STDERR_REDIRECT] 
2024-11-14 19:08:45,708 [ERROR] LogOutputStream:74 - [STDERR_REDIRECT] [Fatal Error] :1:1: Premature end of file.
2024-11-14 19:08:45,708 [ERROR] LogOutputStream:74 - [STDERR_REDIRECT] 
2024-11-14 19:08:45,744 [INFO] PluginManage:342 - Loaded plugin filemanager (category:base,tabindex:10)
2024-11-14 19:08:45,744 [INFO] PluginManage:292 - Check plugin ipmanager
2024-11-14 19:08:45,758 [INFO] PluginManage:342 - Loaded plugin ipmanager (category:base,tabindex:5)
2024-11-14 19:08:45,758 [INFO] PluginManage:292 - Check plugin pinoutandconfiguration
2024-11-14 19:08:45,791 [INFO] PluginManage:342 - Loaded plugin pinoutandconfiguration (category:base,tabindex:1)
2024-11-14 19:08:45,791 [INFO] PluginManage:292 - Check plugin pinoutconfig
2024-11-14 19:08:45,866 [INFO] PluginManage:342 - Loaded plugin pinoutconfig (category:base,tabindex:0)
2024-11-14 19:08:45,866 [INFO] PluginManage:292 - Check plugin power
2024-11-14 19:08:45,907 [INFO] PluginManage:342 - Loaded plugin power (category:power,tabindex:4)
2024-11-14 19:08:45,907 [INFO] PluginManage:292 - Check plugin projectmanager
2024-11-14 19:08:45,934 [INFO] PluginManage:342 - Loaded plugin projectmanager (category:projectmanager,tabindex:3)
2024-11-14 19:08:45,934 [INFO] PluginManage:292 - Check plugin thirdparty
2024-11-14 19:08:45,989 [INFO] ThirdPartyDb:333 - Open Third Party DataBase File (C:/Users/hazem/.stm32cubemx/plugins/thirdparty/db/thirdparties_db.xml) : 0 ms. number of Sw pack : 0
2024-11-14 19:08:45,997 [INFO] PluginManage:342 - Loaded plugin thirdparty (category:base,tabindex:-1)
2024-11-14 19:08:45,997 [INFO] PluginManage:292 - Check plugin tools
2024-11-14 19:08:46,138 [INFO] PluginManage:342 - Loaded plugin tools (category:base,tabindex:7)
2024-11-14 19:08:46,138 [INFO] PluginManage:292 - Check plugin tutovideos
2024-11-14 19:08:46,503 [INFO] PluginManage:342 - Loaded plugin tutovideos (category:base,tabindex:-1)
2024-11-14 19:08:46,503 [INFO] PluginManage:292 - Check plugin updater
2024-11-14 19:08:46,531 [INFO] PluginManage:342 - Loaded plugin updater (category:base,tabindex:12)
2024-11-14 19:08:46,531 [INFO] PluginManage:265 - PluginManage : Loaded plugins [13]
2024-11-14 19:08:46,807 [INFO] PinOutPanel:1418 - setPackage(No Configuration,No Configuration)
2024-11-14 19:08:46,971 [INFO] IPUIPlugin:64 - create IPUIPlugin
2024-11-14 19:08:46,972 [INFO] PluginManager:200 - loadIPPluginJar : add adc
2024-11-14 19:08:47,030 [INFO] IPUIPlugin:64 - create IPUIPlugin
2024-11-14 19:08:47,030 [INFO] PluginManager:200 - loadIPPluginJar : add aes
2024-11-14 19:08:47,127 [INFO] IPUIPlugin:64 - create IPUIPlugin
2024-11-14 19:08:47,127 [INFO] PluginManager:200 - loadIPPluginJar : add can
2024-11-14 19:08:47,208 [INFO] IPUIPlugin:64 - create IPUIPlugin
2024-11-14 19:08:47,208 [INFO] PluginManager:200 - loadIPPluginJar : add comp
2024-11-14 19:08:47,289 [INFO] IPUIPlugin:64 - create IPUIPlugin
2024-11-14 19:08:47,289 [INFO] PluginManager:200 - loadIPPluginJar : add cryp
2024-11-14 19:08:47,363 [INFO] IPUIPlugin:64 - create IPUIPlugin
2024-11-14 19:08:47,363 [INFO] PluginManager:200 - loadIPPluginJar : add dfsdm
2024-11-14 19:08:47,391 [INFO] IPUIPlugin:64 - create IPUIPlugin
2024-11-14 19:08:47,396 [INFO] PluginManager:200 - loadIPPluginJar : add dma
2024-11-14 19:08:47,453 [INFO] IPUIPlugin:64 - create IPUIPlugin
2024-11-14 19:08:47,453 [INFO] PluginManager:200 - loadIPPluginJar : add fatfs
2024-11-14 19:08:47,578 [INFO] IPUIPlugin:64 - create IPUIPlugin
2024-11-14 19:08:47,578 [INFO] PluginManager:200 - loadIPPluginJar : add fmc
2024-11-14 19:08:47,629 [INFO] IPUIPlugin:64 - create IPUIPlugin
2024-11-14 19:08:47,629 [INFO] PluginManager:200 - loadIPPluginJar : add freertos
2024-11-14 19:08:47,698 [INFO] IPUIPlugin:64 - create IPUIPlugin
2024-11-14 19:08:47,698 [INFO] PluginManager:200 - loadIPPluginJar : add genericplugin
2024-11-14 19:08:47,876 [INFO] IPUIPlugin:64 - create IPUIPlugin
2024-11-14 19:08:47,884 [INFO] PluginManager:200 - loadIPPluginJar : add gfxmmu
2024-11-14 19:08:48,164 [INFO] IPUIPlugin:64 - create IPUIPlugin
2024-11-14 19:08:48,164 [INFO] PluginManager:200 - loadIPPluginJar : add gic
2024-11-14 19:08:48,204 [INFO] IPUIPlugin:64 - create IPUIPlugin
2024-11-14 19:08:48,204 [INFO] PluginManager:200 - loadIPPluginJar : add gpio
2024-11-14 19:08:48,343 [INFO] IPUIPlugin:64 - create IPUIPlugin
2024-11-14 19:08:48,343 [INFO] PluginManager:200 - loadIPPluginJar : add gtzc
2024-11-14 19:08:48,424 [INFO] IPUIPlugin:64 - create IPUIPlugin
2024-11-14 19:08:48,424 [INFO] PluginManager:200 - loadIPPluginJar : add hash
2024-11-14 19:08:48,507 [INFO] IPUIPlugin:64 - create IPUIPlugin
2024-11-14 19:08:48,507 [INFO] PluginManager:200 - loadIPPluginJar : add i2c
2024-11-14 19:08:48,582 [INFO] IPUIPlugin:64 - create IPUIPlugin
2024-11-14 19:08:48,582 [INFO] PluginManager:200 - loadIPPluginJar : add i2s
2024-11-14 19:08:48,599 [INFO] IPUIPlugin:64 - create IPUIPlugin
2024-11-14 19:08:48,599 [INFO] PluginManager:200 - loadIPPluginJar : add ipddr
2024-11-14 19:08:48,672 [INFO] IPUIPlugin:64 - create IPUIPlugin
2024-11-14 19:08:48,672 [INFO] PluginManager:200 - loadIPPluginJar : add ltdc
2024-11-14 19:08:48,696 [INFO] IPUIPlugin:64 - create IPUIPlugin
2024-11-14 19:08:48,696 [INFO] PluginManager:200 - loadIPPluginJar : add mdma
2024-11-14 19:08:48,713 [INFO] IPUIPlugin:64 - create IPUIPlugin
2024-11-14 19:08:48,713 [INFO] PluginManager:200 - loadIPPluginJar : add nvic
2024-11-14 19:08:48,794 [INFO] IPUIPlugin:64 - create IPUIPlugin
2024-11-14 19:08:48,794 [INFO] PluginManager:200 - loadIPPluginJar : add opamp
2024-11-14 19:08:48,925 [INFO] IPUIPlugin:64 - create IPUIPlugin
2024-11-14 19:08:48,925 [INFO] PluginManager:200 - loadIPPluginJar : add openamp
2024-11-14 19:08:49,023 [INFO] IPUIPlugin:64 - create IPUIPlugin
2024-11-14 19:08:49,023 [INFO] PluginManager:200 - loadIPPluginJar : add pdm2pcm
2024-11-14 19:08:49,049 [INFO] IPUIPlugin:64 - create IPUIPlugin
2024-11-14 19:08:49,052 [INFO] PluginManager:200 - loadIPPluginJar : add plateformsettings
2024-11-14 19:08:49,096 [INFO] IPUIPlugin:64 - create IPUIPlugin
2024-11-14 19:08:49,096 [INFO] PluginManager:200 - loadIPPluginJar : add quadspi
2024-11-14 19:08:49,121 [INFO] IPUIPlugin:64 - create IPUIPlugin
2024-11-14 19:08:49,121 [INFO] PluginManager:200 - loadIPPluginJar : add resmgrutility
2024-11-14 19:08:49,256 [INFO] IPUIPlugin:64 - create IPUIPlugin
2024-11-14 19:08:49,256 [INFO] PluginManager:200 - loadIPPluginJar : add sai
2024-11-14 19:08:49,401 [INFO] IPUIPlugin:64 - create IPUIPlugin
2024-11-14 19:08:49,401 [INFO] PluginManager:200 - loadIPPluginJar : add spi
2024-11-14 19:08:49,580 [INFO] IPUIPlugin:64 - create IPUIPlugin
2024-11-14 19:08:49,580 [INFO] PluginManager:200 - loadIPPluginJar : add stm32_wpan
2024-11-14 19:08:49,671 [INFO] IPUIPlugin:64 - create IPUIPlugin
2024-11-14 19:08:49,671 [INFO] PluginManager:200 - loadIPPluginJar : add tim
2024-11-14 19:08:49,853 [INFO] IPUIPlugin:64 - create IPUIPlugin
2024-11-14 19:08:49,853 [INFO] PluginManager:200 - loadIPPluginJar : add touchsensing
2024-11-14 19:08:49,961 [INFO] IPUIPlugin:64 - create IPUIPlugin
2024-11-14 19:08:49,961 [INFO] PluginManager:200 - loadIPPluginJar : add tracer_emb
2024-11-14 19:08:50,053 [INFO] IPUIPlugin:64 - create IPUIPlugin
2024-11-14 19:08:50,053 [INFO] PluginManager:200 - loadIPPluginJar : add ts
2024-11-14 19:08:50,143 [INFO] IPUIPlugin:64 - create IPUIPlugin
2024-11-14 19:08:50,143 [INFO] PluginManager:200 - loadIPPluginJar : add tsc
2024-11-14 19:08:50,235 [INFO] IPUIPlugin:64 - create IPUIPlugin
2024-11-14 19:08:50,235 [INFO] PluginManager:200 - loadIPPluginJar : add ucpd
2024-11-14 19:08:50,376 [INFO] IPUIPlugin:64 - create IPUIPlugin
2024-11-14 19:08:50,376 [INFO] PluginManager:200 - loadIPPluginJar : add usart
2024-11-14 19:08:51,301 [INFO] CubeProgrammer:457 - [DDR PANEL] - PathOfProgrammer: null
2024-11-14 19:08:52,486 [FATAL] Updater:282 - Updater called before beeing initialized
2024-11-14 19:08:52,761 [FATAL] Updater:282 - Updater called before beeing initialized
2024-11-14 19:08:52,761 [WARN] ThirdParty:775 - waiting for thirdparty lock release [close project]
2024-11-14 19:08:52,761 [INFO] ThirdParty:777 - entering critical section [close project]
2024-11-14 19:08:52,761 [INFO] ThirdParty:790 - exiting critical section [close project]
2024-11-14 19:08:52,769 [INFO] PinOutPanel:1418 - setPackage(No Configuration,No Configuration)
2024-11-14 19:08:52,769 [FATAL] Updater:282 - Updater called before beeing initialized
2024-11-14 19:08:52,785 [ERROR] Updater:967 - MainUpdater not yet initialized. External WinMGr cannot be set.
2024-11-14 19:08:52,794 [INFO] CubeProgrammer:457 - [DDR PANEL] - PathOfProgrammer: C:\ST\STM32CubeIDE_1.4.0\STM32CubeIDE\plugins\com.st.stm32cube.ide.mcu.externaltools.cubeprogrammer.win32_1.4.0.202007081208\tools\bin
2024-11-14 19:08:52,795 [INFO] ProgrammerExecThread:148 - [ProgrammerAPI] CubeProgrammer command construction: C:\ST\STM32CubeIDE_1.4.0\STM32CubeIDE\plugins\com.st.stm32cube.ide.mcu.externaltools.cubeprogrammer.win32_1.4.0.202007081208\tools\bin\STM32_Programmer_CLI.exe -l
2024-11-14 19:08:53,441 [INFO] MainDdrPanel:49 - [DDR PANEL] SETTER - Set cubeProgrammerPath to: C:\ST\STM32CubeIDE_1.4.0\STM32CubeIDE\plugins\com.st.stm32cube.ide.mcu.externaltools.cubeprogrammer.win32_1.4.0.202007081208\tools\bin
2024-11-14 19:08:53,588 [INFO] Updater:904 - Updater Version found : 6.0.0
2024-11-14 19:08:53,621 [INFO] ApplicationProperties:181 - Using Application install path: C:\ST\STM32CubeIDE_1.4.0\STM32CubeIDE\plugins\com.st.stm32cube.common.mx_6.0.0.202007160824
2024-11-14 19:08:53,671 [INFO] MainUpdater:463 - Copy updater definitions from MX database
2024-11-14 19:08:53,726 [INFO] MainUpdater:496 - Copy flag file definitions from MX database
2024-11-14 19:08:53,726 [INFO] MainUpdater:512 - Copy thirdparty index definitions from MX database
2024-11-14 19:08:53,726 [INFO] MainUpdater:531 - Copy default thirdparty db definitions from MX database
2024-11-14 19:08:54,132 [INFO] MainUpdater:2268 - connection check result : 10
2024-11-14 19:08:54,132 [INFO] MainUpdater:2935 - Updater definition file requires update
2024-11-14 19:08:54,132 [INFO] MainUpdater:239 - Updater Check For Update Now.
2024-11-14 19:08:54,132 [INFO] MicroXplorer:414 - Change Database Version : DB.6.0.0
2024-11-14 19:08:54,463 [INFO] ServerAccessManage:348 - Download File updaters.zip
2024-11-14 19:08:54,708 [INFO] FileExtend:225 - Unzip File : updaters.zip
2024-11-14 19:08:54,708 [INFO] FileExtend:240 - Standard Zip Deflate
2024-11-14 19:08:55,022 [WARN] IntegrityCheckThread:61 - waiting for thirdparty lock release [integrity check]
2024-11-14 19:08:55,022 [INFO] IntegrityCheckThread:63 - entering critical section [integrity check]
2024-11-14 19:08:55,038 [WARN] MainUpdater:1087 - Updater busy. Cannot search thirdparties
2024-11-14 19:08:57,544 [INFO] ServerAccessManage:348 - Download File PacksControlFlags.xml
2024-11-14 19:08:57,983 [INFO] ServerAccessManage:348 - Download File cubemx.pidx
2024-11-14 19:08:58,100 [WARN] MainUpdater:1087 - Updater busy. Cannot search thirdparties
2024-11-14 19:08:58,469 [INFO] ServerAccessManage:348 - Download File STMicroelectronics.FP-ATR-ASTRA1.pdsc
2024-11-14 19:08:59,939 [INFO] ServerAccessManage:348 - Download File STMicroelectronics.FP-ATR-SIGFOX1.pdsc
2024-11-14 19:09:00,559 [INFO] ServerAccessManage:348 - Download File STMicroelectronics.FP-SNS-STBOX1.pdsc
2024-11-14 19:09:01,112 [WARN] MainUpdater:1087 - Updater busy. Cannot search thirdparties
2024-11-14 19:09:01,154 [INFO] ServerAccessManage:348 - Download File STMicroelectronics.FP-SNS-FLIGHT1.pdsc
2024-11-14 19:09:02,322 [INFO] ServerAccessManage:348 - Download File STMicroelectronics.FP-SNS-MOTENV1.pdsc
2024-11-14 19:09:03,878 [INFO] ServerAccessManage:348 - Download File STMicroelectronics.FP-SNS-MOTENVWB1.pdsc
2024-11-14 19:09:04,124 [WARN] MainUpdater:1087 - Updater busy. Cannot search thirdparties
2024-11-14 19:09:05,093 [INFO] ServerAccessManage:348 - Download File STMicroelectronics.FP-SNS-SMARTAG2.pdsc
2024-11-14 19:09:05,682 [INFO] ServerAccessManage:348 - Download File STMicroelectronics.X-CUBE-AI.pdsc
2024-11-14 19:09:06,464 [INFO] MainUpdater:2268 - connection check result : 10
2024-11-14 19:09:07,130 [WARN] MainUpdater:1087 - Updater busy. Cannot search thirdparties
2024-11-14 19:09:10,136 [WARN] MainUpdater:1087 - Updater busy. Cannot search thirdparties
2024-11-14 19:09:11,460 [INFO] ServerAccessManage:348 - Download File STMicroelectronics.X-CUBE-ALS.pdsc
2024-11-14 19:09:13,087 [INFO] ServerAccessManage:348 - Download File STMicroelectronics.X-CUBE-BLE1.pdsc
2024-11-14 19:09:13,151 [WARN] MainUpdater:1087 - Updater busy. Cannot search thirdparties
2024-11-14 19:09:16,169 [WARN] MainUpdater:1087 - Updater busy. Cannot search thirdparties
2024-11-14 19:09:17,593 [ERROR] ServerAccessManage:947 - Problem, file not found on Server
2024-11-14 19:09:17,946 [INFO] ServerAccessManage:348 - Download File STMicroelectronics.X-CUBE-BLE2.pdsc
2024-11-14 19:09:19,261 [WARN] MainUpdater:1087 - Updater busy. Cannot search thirdparties
2024-11-14 19:09:20,561 [INFO] MainUpdater:2268 - connection check result : 10
2024-11-14 19:09:21,359 [INFO] ServerAccessManage:348 - Download File STMicroelectronics.X-CUBE-BLEMGR.pdsc
2024-11-14 19:09:39,673 [INFO] Activator:178 - 


2024-11-14 19:09:39,673 [INFO] Activator:179 - !SESSION log4j initialized
2024-11-14 19:09:44,343 [ERROR] LogOutputStream:74 - [STDERR_REDIRECT] [Fatal Error] :1:1: Premature end of file.
2024-11-14 19:09:44,351 [ERROR] LogOutputStream:74 - [STDERR_REDIRECT] 
2024-11-14 19:09:44,406 [ERROR] LogOutputStream:74 - [STDERR_REDIRECT] [Fatal Error] :1:1: Premature end of file.
2024-11-14 19:09:44,406 [ERROR] LogOutputStream:74 - [STDERR_REDIRECT] 
2024-11-14 19:09:44,455 [ERROR] LogOutputStream:74 - [STDERR_REDIRECT] [Fatal Error] :1:1: Premature end of file.
2024-11-14 19:09:44,455 [ERROR] LogOutputStream:74 - [STDERR_REDIRECT] 
2024-11-14 19:09:47,616 [INFO] ApplicationProperties:181 - Using Application install path: C:\ST\STM32CubeIDE_1.4.0\STM32CubeIDE\plugins\com.st.stm32cube.common.mx_6.0.0.202007160824
2024-11-14 19:09:47,634 [INFO] DbMcusXml:70 - Set database path to: C:\ST\STM32CubeIDE_1.4.0\STM32CubeIDE\plugins\com.st.stm32cube.common.mx_6.0.0.202007160824\\db\/mcu/
2024-11-14 19:09:47,640 [INFO] DbBoardsPdsc:56 - Set plugin database path to: C:\ST\STM32CubeIDE_1.4.0\STM32CubeIDE\plugins\com.st.stm32cube.common.mx_6.0.0.202007160824\\db\/plugins/boardmanager/
2024-11-14 19:09:47,641 [INFO] DbMcus:258 - Set plugin images path to: C:\ST\STM32CubeIDE_1.4.0\STM32CubeIDE\plugins\com.st.stm32cube.common.mx_6.0.0.202007160824\\db\/plugins/mcufinder/images/
2024-11-14 19:09:47,641 [INFO] DbBoards:264 - Set plugin images path to: C:\ST\STM32CubeIDE_1.4.0\STM32CubeIDE\plugins\com.st.stm32cube.common.mx_6.0.0.202007160824\\db\/plugins/mcufinder/images/
2024-11-14 19:09:47,641 [INFO] DbExamples:326 - Set plugin images path to: C:\ST\STM32CubeIDE_1.4.0\STM32CubeIDE\plugins\com.st.stm32cube.common.mx_6.0.0.202007160824\\db\/plugins/mcufinder/images/
2024-11-14 19:09:47,650 [INFO] DbMcusDocs:112 - Set database path to: C:\Users\hazem\.stmcufinder\plugins\mcufinder//mcu/
2024-11-14 19:09:47,650 [INFO] DbMcusJson:63 - Set database path to: C:\Users\hazem\.stmcufinder\plugins\mcufinder//mcu/
2024-11-14 19:09:47,650 [INFO] DbBoardsDocs:112 - Set database path to: C:\Users\hazem\.stmcufinder\plugins\mcufinder//mcu/
2024-11-14 19:09:47,650 [INFO] DbBoardsJson:56 - Set database path to: C:\Users\hazem\.stmcufinder\plugins\mcufinder//mcu/
2024-11-14 19:09:47,658 [INFO] CrossReferenceDbSqlite:196 - Set database path to: C:\Users\hazem\.stmcufinder\plugins\mcufinder//mcu/cs/
2024-11-14 19:09:47,666 [INFO] DbExamplesSqlite:800 - Set database path to: C:\Users\hazem\.stmcufinder\plugins\mcufinder//mcu/
2024-11-14 19:09:47,803 [INFO] RulesReader:52 - Compatibility file has been processed (209 Rules)
2024-11-14 19:09:47,921 [INFO] MicroXplorer:564 - Detected Java Version = 1.8.0_252
2024-11-14 19:09:47,926 [INFO] DbMcusXml:70 - Set database path to: C:\ST\STM32CubeIDE_1.4.0\STM32CubeIDE\plugins\com.st.stm32cube.common.mx_6.0.0.202007160824\\db\/mcu/
2024-11-14 19:09:47,926 [INFO] DbBoardsPdsc:56 - Set plugin database path to: C:\ST\STM32CubeIDE_1.4.0\STM32CubeIDE\plugins\com.st.stm32cube.common.mx_6.0.0.202007160824\\db\/plugins/boardmanager/
2024-11-14 19:09:47,926 [INFO] DbMcus:258 - Set plugin images path to: C:\ST\STM32CubeIDE_1.4.0\STM32CubeIDE\plugins\com.st.stm32cube.common.mx_6.0.0.202007160824\\db\/plugins/mcufinder/images/
2024-11-14 19:09:47,926 [INFO] DbBoards:264 - Set plugin images path to: C:\ST\STM32CubeIDE_1.4.0\STM32CubeIDE\plugins\com.st.stm32cube.common.mx_6.0.0.202007160824\\db\/plugins/mcufinder/images/
2024-11-14 19:09:47,926 [INFO] DbExamples:326 - Set plugin images path to: C:\ST\STM32CubeIDE_1.4.0\STM32CubeIDE\plugins\com.st.stm32cube.common.mx_6.0.0.202007160824\\db\/plugins/mcufinder/images/
2024-11-14 19:09:47,930 [WARN] DbFile:36 - Overriding database path with different value: C:\Users\hazem\.stmcufinder\plugins\mcufinder/ => C:\Users\hazem\.stmcufinder\plugins\mcufinder
2024-11-14 19:09:47,930 [INFO] DbMcusDocs:112 - Set database path to: C:\Users\hazem\.stmcufinder\plugins\mcufinder//mcu/
2024-11-14 19:09:47,930 [WARN] DbFile:36 - Overriding database path with different value: C:\Users\hazem\.stmcufinder\plugins\mcufinder/ => C:\Users\hazem\.stmcufinder\plugins\mcufinder
2024-11-14 19:09:47,930 [INFO] DbMcusJson:63 - Set database path to: C:\Users\hazem\.stmcufinder\plugins\mcufinder//mcu/
2024-11-14 19:09:47,930 [WARN] DbFile:36 - Overriding database path with different value: C:\Users\hazem\.stmcufinder\plugins\mcufinder/ => C:\Users\hazem\.stmcufinder\plugins\mcufinder
2024-11-14 19:09:47,930 [INFO] DbBoardsDocs:112 - Set database path to: C:\Users\hazem\.stmcufinder\plugins\mcufinder//mcu/
2024-11-14 19:09:47,930 [WARN] DbFile:36 - Overriding database path with different value: C:\Users\hazem\.stmcufinder\plugins\mcufinder/ => C:\Users\hazem\.stmcufinder\plugins\mcufinder
2024-11-14 19:09:47,930 [INFO] DbBoardsJson:56 - Set database path to: C:\Users\hazem\.stmcufinder\plugins\mcufinder//mcu/
2024-11-14 19:09:47,930 [WARN] DbFile:36 - Overriding database path with different value: C:\Users\hazem\.stmcufinder\plugins\mcufinder/ => C:\Users\hazem\.stmcufinder\plugins\mcufinder
2024-11-14 19:09:47,930 [WARN] DbFile:36 - Overriding database path with different value: C:\Users\hazem\.stmcufinder\plugins\mcufinder/ => C:\Users\hazem\.stmcufinder\plugins\mcufinder
2024-11-14 19:09:47,930 [INFO] CrossReferenceDbSqlite:196 - Set database path to: C:\Users\hazem\.stmcufinder\plugins\mcufinder//mcu/cs/
2024-11-14 19:09:47,930 [WARN] DbFile:36 - Overriding database path with different value: C:\Users\hazem\.stmcufinder\plugins\mcufinder/ => C:\Users\hazem\.stmcufinder\plugins\mcufinder
2024-11-14 19:09:47,930 [INFO] DbExamplesSqlite:800 - Set database path to: C:\Users\hazem\.stmcufinder\plugins\mcufinder//mcu/
2024-11-14 19:09:48,020 [INFO] MainPanel:189 - HeapMemory: 268435456
2024-11-14 19:09:48,095 [INFO] DbMcusXml:70 - Set database path to: C:\ST\STM32CubeIDE_1.4.0\STM32CubeIDE\plugins\com.st.stm32cube.common.mx_6.0.0.202007160824\\db\/mcu/
2024-11-14 19:09:48,095 [INFO] DbBoardsPdsc:56 - Set plugin database path to: C:\ST\STM32CubeIDE_1.4.0\STM32CubeIDE\plugins\com.st.stm32cube.common.mx_6.0.0.202007160824\\db\/plugins/boardmanager/
2024-11-14 19:09:48,095 [INFO] DbMcus:258 - Set plugin images path to: C:\ST\STM32CubeIDE_1.4.0\STM32CubeIDE\plugins\com.st.stm32cube.common.mx_6.0.0.202007160824\\db\/plugins/mcufinder/images/
2024-11-14 19:09:48,095 [INFO] DbBoards:264 - Set plugin images path to: C:\ST\STM32CubeIDE_1.4.0\STM32CubeIDE\plugins\com.st.stm32cube.common.mx_6.0.0.202007160824\\db\/plugins/mcufinder/images/
2024-11-14 19:09:48,095 [INFO] DbExamples:326 - Set plugin images path to: C:\ST\STM32CubeIDE_1.4.0\STM32CubeIDE\plugins\com.st.stm32cube.common.mx_6.0.0.202007160824\\db\/plugins/mcufinder/images/
2024-11-14 19:09:48,095 [WARN] DbFile:36 - Overriding database path with different value: C:\Users\hazem\.stmcufinder\plugins\mcufinder/ => C:\Users\hazem\.stmcufinder\plugins\mcufinder
2024-11-14 19:09:48,095 [INFO] DbMcusDocs:112 - Set database path to: C:\Users\hazem\.stmcufinder\plugins\mcufinder//mcu/
2024-11-14 19:09:48,095 [WARN] DbFile:36 - Overriding database path with different value: C:\Users\hazem\.stmcufinder\plugins\mcufinder/ => C:\Users\hazem\.stmcufinder\plugins\mcufinder
2024-11-14 19:09:48,095 [INFO] DbMcusJson:63 - Set database path to: C:\Users\hazem\.stmcufinder\plugins\mcufinder//mcu/
2024-11-14 19:09:48,095 [WARN] DbFile:36 - Overriding database path with different value: C:\Users\hazem\.stmcufinder\plugins\mcufinder/ => C:\Users\hazem\.stmcufinder\plugins\mcufinder
2024-11-14 19:09:48,095 [INFO] DbBoardsDocs:112 - Set database path to: C:\Users\hazem\.stmcufinder\plugins\mcufinder//mcu/
2024-11-14 19:09:48,095 [WARN] DbFile:36 - Overriding database path with different value: C:\Users\hazem\.stmcufinder\plugins\mcufinder/ => C:\Users\hazem\.stmcufinder\plugins\mcufinder
2024-11-14 19:09:48,095 [INFO] DbBoardsJson:56 - Set database path to: C:\Users\hazem\.stmcufinder\plugins\mcufinder//mcu/
2024-11-14 19:09:48,095 [WARN] DbFile:36 - Overriding database path with different value: C:\Users\hazem\.stmcufinder\plugins\mcufinder/ => C:\Users\hazem\.stmcufinder\plugins\mcufinder
2024-11-14 19:09:48,095 [WARN] DbFile:36 - Overriding database path with different value: C:\Users\hazem\.stmcufinder\plugins\mcufinder/ => C:\Users\hazem\.stmcufinder\plugins\mcufinder
2024-11-14 19:09:48,095 [INFO] CrossReferenceDbSqlite:196 - Set database path to: C:\Users\hazem\.stmcufinder\plugins\mcufinder//mcu/cs/
2024-11-14 19:09:48,100 [WARN] DbFile:36 - Overriding database path with different value: C:\Users\hazem\.stmcufinder\plugins\mcufinder/ => C:\Users\hazem\.stmcufinder\plugins\mcufinder
2024-11-14 19:09:48,100 [INFO] DbExamplesSqlite:800 - Set database path to: C:\Users\hazem\.stmcufinder\plugins\mcufinder//mcu/
2024-11-14 19:09:48,117 [INFO] ApplicationProperties:181 - Using Application install path: C:\ST\STM32CubeIDE_1.4.0\STM32CubeIDE\plugins\com.st.stm32cube.common.mx_6.0.0.202007160824
2024-11-14 19:09:48,125 [INFO] PluginManage:178 - Search for loadable plugins [exclusion list=, ]
2024-11-14 19:09:48,125 [INFO] PluginManage:292 - Check plugin analytics
2024-11-14 19:09:48,429 [INFO] AnalyticsPlugin:203 - Accepted Software Licenses: 
2024-11-14 19:09:48,429 [INFO] AnalyticsPlugin:205 - Accepted CMSIS Pack Licenses: 
2024-11-14 19:09:48,429 [INFO] AnalyticsPlugin:207 - Accepted Firmware Licenses: 
2024-11-14 19:09:48,429 [INFO] PluginManage:342 - Loaded plugin analytics (category:tool,tabindex:-1)
2024-11-14 19:09:48,429 [INFO] PluginManage:292 - Check plugin clock
2024-11-14 19:09:48,445 [INFO] PluginManage:342 - Loaded plugin clock (category:base,tabindex:2)
2024-11-14 19:09:48,445 [INFO] PluginManage:292 - Check plugin ddr
2024-11-14 19:09:48,454 [INFO] PluginManage:342 - Loaded plugin ddr (category:tool,tabindex:6)
2024-11-14 19:09:48,454 [INFO] PluginManage:292 - Check plugin filemanager
2024-11-14 19:09:48,486 [ERROR] LogOutputStream:74 - [STDERR_REDIRECT] [Fatal Error] :1:1: Premature end of file.
2024-11-14 19:09:48,495 [ERROR] LogOutputStream:74 - [STDERR_REDIRECT] 
2024-11-14 19:09:48,545 [ERROR] LogOutputStream:74 - [STDERR_REDIRECT] [Fatal Error] :1:1: Premature end of file.
2024-11-14 19:09:48,545 [ERROR] LogOutputStream:74 - [STDERR_REDIRECT] 
2024-11-14 19:09:48,598 [ERROR] LogOutputStream:74 - [STDERR_REDIRECT] [Fatal Error] :1:1: Premature end of file.
2024-11-14 19:09:48,610 [ERROR] LogOutputStream:74 - [STDERR_REDIRECT] 
2024-11-14 19:09:48,619 [INFO] PluginManage:342 - Loaded plugin filemanager (category:base,tabindex:10)
2024-11-14 19:09:48,627 [INFO] PluginManage:292 - Check plugin ipmanager
2024-11-14 19:09:48,635 [INFO] PluginManage:342 - Loaded plugin ipmanager (category:base,tabindex:5)
2024-11-14 19:09:48,635 [INFO] PluginManage:292 - Check plugin pinoutandconfiguration
2024-11-14 19:09:48,652 [INFO] PluginManage:342 - Loaded plugin pinoutandconfiguration (category:base,tabindex:1)
2024-11-14 19:09:48,653 [INFO] PluginManage:292 - Check plugin pinoutconfig
2024-11-14 19:09:48,685 [INFO] PluginManage:342 - Loaded plugin pinoutconfig (category:base,tabindex:0)
2024-11-14 19:09:48,685 [INFO] PluginManage:292 - Check plugin power
2024-11-14 19:09:48,702 [INFO] PluginManage:342 - Loaded plugin power (category:power,tabindex:4)
2024-11-14 19:09:48,702 [INFO] PluginManage:292 - Check plugin projectmanager
2024-11-14 19:09:48,719 [INFO] PluginManage:342 - Loaded plugin projectmanager (category:projectmanager,tabindex:3)
2024-11-14 19:09:48,719 [INFO] PluginManage:292 - Check plugin thirdparty
2024-11-14 19:09:48,759 [INFO] ThirdPartyDb:333 - Open Third Party DataBase File (C:/Users/hazem/.stm32cubemx/plugins/thirdparty/db/thirdparties_db.xml) : 0 ms. number of Sw pack : 0
2024-11-14 19:09:48,761 [INFO] PluginManage:342 - Loaded plugin thirdparty (category:base,tabindex:-1)
2024-11-14 19:09:48,761 [INFO] PluginManage:292 - Check plugin tools
2024-11-14 19:09:48,771 [INFO] PluginManage:342 - Loaded plugin tools (category:base,tabindex:7)
2024-11-14 19:09:48,771 [INFO] PluginManage:292 - Check plugin tutovideos
2024-11-14 19:09:49,051 [INFO] PluginManage:342 - Loaded plugin tutovideos (category:base,tabindex:-1)
2024-11-14 19:09:49,051 [INFO] PluginManage:292 - Check plugin updater
2024-11-14 19:09:49,065 [INFO] PluginManage:342 - Loaded plugin updater (category:base,tabindex:12)
2024-11-14 19:09:49,065 [INFO] PluginManage:265 - PluginManage : Loaded plugins [13]
2024-11-14 19:09:49,289 [INFO] PinOutPanel:1418 - setPackage(No Configuration,No Configuration)
2024-11-14 19:09:49,396 [INFO] IPUIPlugin:64 - create IPUIPlugin
2024-11-14 19:09:49,396 [INFO] PluginManager:200 - loadIPPluginJar : add adc
2024-11-14 19:09:49,404 [INFO] IPUIPlugin:64 - create IPUIPlugin
2024-11-14 19:09:49,404 [INFO] PluginManager:200 - loadIPPluginJar : add aes
2024-11-14 19:09:49,429 [INFO] IPUIPlugin:64 - create IPUIPlugin
2024-11-14 19:09:49,429 [INFO] PluginManager:200 - loadIPPluginJar : add can
2024-11-14 19:09:49,429 [INFO] IPUIPlugin:64 - create IPUIPlugin
2024-11-14 19:09:49,429 [INFO] PluginManager:200 - loadIPPluginJar : add comp
2024-11-14 19:09:49,429 [INFO] IPUIPlugin:64 - create IPUIPlugin
2024-11-14 19:09:49,429 [INFO] PluginManager:200 - loadIPPluginJar : add cryp
2024-11-14 19:09:49,437 [INFO] IPUIPlugin:64 - create IPUIPlugin
2024-11-14 19:09:49,437 [INFO] PluginManager:200 - loadIPPluginJar : add dfsdm
2024-11-14 19:09:49,445 [INFO] IPUIPlugin:64 - create IPUIPlugin
2024-11-14 19:09:49,445 [INFO] PluginManager:200 - loadIPPluginJar : add dma
2024-11-14 19:09:49,454 [INFO] IPUIPlugin:64 - create IPUIPlugin
2024-11-14 19:09:49,454 [INFO] PluginManager:200 - loadIPPluginJar : add fatfs
2024-11-14 19:09:49,462 [INFO] IPUIPlugin:64 - create IPUIPlugin
2024-11-14 19:09:49,462 [INFO] PluginManager:200 - loadIPPluginJar : add fmc
2024-11-14 19:09:49,470 [INFO] IPUIPlugin:64 - create IPUIPlugin
2024-11-14 19:09:49,470 [INFO] PluginManager:200 - loadIPPluginJar : add freertos
2024-11-14 19:09:49,470 [INFO] IPUIPlugin:64 - create IPUIPlugin
2024-11-14 19:09:49,470 [INFO] PluginManager:200 - loadIPPluginJar : add genericplugin
2024-11-14 19:09:49,478 [INFO] IPUIPlugin:64 - create IPUIPlugin
2024-11-14 19:09:49,478 [INFO] PluginManager:200 - loadIPPluginJar : add gfxmmu
2024-11-14 19:09:49,486 [INFO] IPUIPlugin:64 - create IPUIPlugin
2024-11-14 19:09:49,486 [INFO] PluginManager:200 - loadIPPluginJar : add gic
2024-11-14 19:09:49,486 [INFO] IPUIPlugin:64 - create IPUIPlugin
2024-11-14 19:09:49,486 [INFO] PluginManager:200 - loadIPPluginJar : add gpio
2024-11-14 19:09:49,495 [INFO] IPUIPlugin:64 - create IPUIPlugin
2024-11-14 19:09:49,495 [INFO] PluginManager:200 - loadIPPluginJar : add gtzc
2024-11-14 19:09:49,495 [INFO] IPUIPlugin:64 - create IPUIPlugin
2024-11-14 19:09:49,495 [INFO] PluginManager:200 - loadIPPluginJar : add hash
2024-11-14 19:09:49,495 [INFO] IPUIPlugin:64 - create IPUIPlugin
2024-11-14 19:09:49,495 [INFO] PluginManager:200 - loadIPPluginJar : add i2c
2024-11-14 19:09:49,504 [INFO] IPUIPlugin:64 - create IPUIPlugin
2024-11-14 19:09:49,504 [INFO] PluginManager:200 - loadIPPluginJar : add i2s
2024-11-14 19:09:49,511 [INFO] IPUIPlugin:64 - create IPUIPlugin
2024-11-14 19:09:49,511 [INFO] PluginManager:200 - loadIPPluginJar : add ipddr
2024-11-14 19:09:49,513 [INFO] IPUIPlugin:64 - create IPUIPlugin
2024-11-14 19:09:49,513 [INFO] PluginManager:200 - loadIPPluginJar : add ltdc
2024-11-14 19:09:49,513 [INFO] IPUIPlugin:64 - create IPUIPlugin
2024-11-14 19:09:49,513 [INFO] PluginManager:200 - loadIPPluginJar : add mdma
2024-11-14 19:09:49,521 [INFO] IPUIPlugin:64 - create IPUIPlugin
2024-11-14 19:09:49,521 [INFO] PluginManager:200 - loadIPPluginJar : add nvic
2024-11-14 19:09:49,527 [INFO] IPUIPlugin:64 - create IPUIPlugin
2024-11-14 19:09:49,527 [INFO] PluginManager:200 - loadIPPluginJar : add opamp
2024-11-14 19:09:49,531 [INFO] IPUIPlugin:64 - create IPUIPlugin
2024-11-14 19:09:49,531 [INFO] PluginManager:200 - loadIPPluginJar : add openamp
2024-11-14 19:09:49,534 [INFO] IPUIPlugin:64 - create IPUIPlugin
2024-11-14 19:09:49,535 [INFO] PluginManager:200 - loadIPPluginJar : add pdm2pcm
2024-11-14 19:09:49,542 [INFO] IPUIPlugin:64 - create IPUIPlugin
2024-11-14 19:09:49,546 [INFO] PluginManager:200 - loadIPPluginJar : add plateformsettings
2024-11-14 19:09:49,546 [INFO] IPUIPlugin:64 - create IPUIPlugin
2024-11-14 19:09:49,546 [INFO] PluginManager:200 - loadIPPluginJar : add quadspi
2024-11-14 19:09:49,554 [INFO] IPUIPlugin:64 - create IPUIPlugin
2024-11-14 19:09:49,554 [INFO] PluginManager:200 - loadIPPluginJar : add resmgrutility
2024-11-14 19:09:49,554 [INFO] IPUIPlugin:64 - create IPUIPlugin
2024-11-14 19:09:49,554 [INFO] PluginManager:200 - loadIPPluginJar : add sai
2024-11-14 19:09:49,562 [INFO] IPUIPlugin:64 - create IPUIPlugin
2024-11-14 19:09:49,562 [INFO] PluginManager:200 - loadIPPluginJar : add spi
2024-11-14 19:09:49,562 [INFO] IPUIPlugin:64 - create IPUIPlugin
2024-11-14 19:09:49,562 [INFO] PluginManager:200 - loadIPPluginJar : add stm32_wpan
2024-11-14 19:09:49,570 [INFO] IPUIPlugin:64 - create IPUIPlugin
2024-11-14 19:09:49,570 [INFO] PluginManager:200 - loadIPPluginJar : add tim
2024-11-14 19:09:49,570 [INFO] IPUIPlugin:64 - create IPUIPlugin
2024-11-14 19:09:49,570 [INFO] PluginManager:200 - loadIPPluginJar : add touchsensing
2024-11-14 19:09:49,570 [INFO] IPUIPlugin:64 - create IPUIPlugin
2024-11-14 19:09:49,570 [INFO] PluginManager:200 - loadIPPluginJar : add tracer_emb
2024-11-14 19:09:49,578 [INFO] IPUIPlugin:64 - create IPUIPlugin
2024-11-14 19:09:49,578 [INFO] PluginManager:200 - loadIPPluginJar : add ts
2024-11-14 19:09:49,578 [INFO] IPUIPlugin:64 - create IPUIPlugin
2024-11-14 19:09:49,578 [INFO] PluginManager:200 - loadIPPluginJar : add tsc
2024-11-14 19:09:49,578 [INFO] IPUIPlugin:64 - create IPUIPlugin
2024-11-14 19:09:49,578 [INFO] PluginManager:200 - loadIPPluginJar : add ucpd
2024-11-14 19:09:49,586 [INFO] IPUIPlugin:64 - create IPUIPlugin
2024-11-14 19:09:49,586 [INFO] PluginManager:200 - loadIPPluginJar : add usart
2024-11-14 19:09:50,416 [INFO] CubeProgrammer:457 - [DDR PANEL] - PathOfProgrammer: null
2024-11-14 19:09:51,355 [FATAL] Updater:282 - Updater called before beeing initialized
2024-11-14 19:09:51,618 [FATAL] Updater:282 - Updater called before beeing initialized
2024-11-14 19:09:51,618 [WARN] ThirdParty:775 - waiting for thirdparty lock release [close project]
2024-11-14 19:09:51,618 [INFO] ThirdParty:777 - entering critical section [close project]
2024-11-14 19:09:51,618 [INFO] ThirdParty:790 - exiting critical section [close project]
2024-11-14 19:09:51,626 [INFO] PinOutPanel:1418 - setPackage(No Configuration,No Configuration)
2024-11-14 19:09:51,626 [FATAL] Updater:282 - Updater called before beeing initialized
2024-11-14 19:09:51,626 [ERROR] Updater:967 - MainUpdater not yet initialized. External WinMGr cannot be set.
2024-11-14 19:09:51,635 [INFO] CubeProgrammer:457 - [DDR PANEL] - PathOfProgrammer: C:\ST\STM32CubeIDE_1.4.0\STM32CubeIDE\plugins\com.st.stm32cube.ide.mcu.externaltools.cubeprogrammer.win32_1.4.0.202007081208\tools\bin
2024-11-14 19:09:51,635 [INFO] ProgrammerExecThread:148 - [ProgrammerAPI] CubeProgrammer command construction: C:\ST\STM32CubeIDE_1.4.0\STM32CubeIDE\plugins\com.st.stm32cube.ide.mcu.externaltools.cubeprogrammer.win32_1.4.0.202007081208\tools\bin\STM32_Programmer_CLI.exe -l
2024-11-14 19:09:51,848 [INFO] MainDdrPanel:49 - [DDR PANEL] SETTER - Set cubeProgrammerPath to: C:\ST\STM32CubeIDE_1.4.0\STM32CubeIDE\plugins\com.st.stm32cube.ide.mcu.externaltools.cubeprogrammer.win32_1.4.0.202007081208\tools\bin
2024-11-14 19:09:51,872 [INFO] Updater:904 - Updater Version found : 6.0.0
2024-11-14 19:09:51,905 [INFO] ApplicationProperties:181 - Using Application install path: C:\ST\STM32CubeIDE_1.4.0\STM32CubeIDE\plugins\com.st.stm32cube.common.mx_6.0.0.202007160824
2024-11-14 19:09:52,308 [INFO] MainUpdater:2268 - connection check result : 10
2024-11-14 19:09:52,308 [INFO] MainUpdater:2935 - Updater definition file requires update
2024-11-14 19:09:52,308 [INFO] MainUpdater:239 - Updater Check For Update Now.
2024-11-14 19:09:52,308 [INFO] MicroXplorer:414 - Change Database Version : DB.6.0.0
2024-11-14 19:09:52,598 [INFO] ServerAccessManage:348 - Download File updaters.zip
2024-11-14 19:09:52,768 [INFO] FileExtend:225 - Unzip File : updaters.zip
2024-11-14 19:09:52,768 [INFO] FileExtend:240 - Standard Zip Deflate
2024-11-14 19:09:53,702 [INFO] ServerAccessManage:348 - Download File PacksControlFlags.xml
2024-11-14 19:09:54,010 [INFO] ServerAccessManage:348 - Download File cubemx.pidx
2024-11-14 19:09:54,115 [INFO] LoadServerUpdatesThread:309 - End of LoadServerUpdate Thread
2024-11-14 19:09:54,197 [INFO] CheckServerUpdateThread:102 - End of CheckServer Thread
2024-11-14 19:09:54,213 [INFO] MainUpdater:2268 - connection check result : 10
2024-11-14 19:09:54,780 [WARN] IntegrityCheckThread:61 - waiting for thirdparty lock release [integrity check]
2024-11-14 19:09:54,780 [INFO] IntegrityCheckThread:63 - entering critical section [integrity check]
2024-11-14 19:09:54,780 [WARN] MainUpdater:1087 - Updater busy. Cannot search thirdparties
2024-11-14 19:09:55,059 [INFO] ServerAccessManage:348 - Download File mcusDocs.json._tmp_
2024-11-14 19:09:55,663 [INFO] LoadUrlFilesThread:135 - End of LoadUrlFiles Thread
2024-11-14 19:09:55,911 [INFO] ServerAccessManage:348 - Download File mcusFeaturesAndDescription.json._tmp_
2024-11-14 19:09:57,794 [WARN] MainUpdater:1087 - Updater busy. Cannot search thirdparties
2024-11-14 19:09:59,788 [INFO] LoadUrlFilesThread:135 - End of LoadUrlFiles Thread
2024-11-14 19:10:00,610 [INFO] ServerAccessManage:348 - Download File boardsDocs.json._tmp_
2024-11-14 19:10:00,643 [INFO] LoadUrlFilesThread:135 - End of LoadUrlFiles Thread
2024-11-14 19:10:00,809 [WARN] MainUpdater:1087 - Updater busy. Cannot search thirdparties
2024-11-14 19:10:01,188 [INFO] ServerAccessManage:348 - Download File boards.json._tmp_
2024-11-14 19:10:01,358 [INFO] LoadUrlFilesThread:135 - End of LoadUrlFiles Thread
2024-11-14 19:10:01,709 [INFO] ServerAccessManage:348 - Download File cube-finder-db.zip
2024-11-14 19:10:03,815 [WARN] MainUpdater:1087 - Updater busy. Cannot search thirdparties
2024-11-14 19:10:06,820 [WARN] MainUpdater:1087 - Updater busy. Cannot search thirdparties
2024-11-14 19:10:09,831 [WARN] MainUpdater:1087 - Updater busy. Cannot search thirdparties
2024-11-14 19:10:12,368 [INFO] FileExtend:225 - Unzip File : cube-finder-db.zip
2024-11-14 19:10:12,377 [INFO] FileExtend:240 - Standard Zip Deflate
2024-11-14 19:10:12,834 [WARN] MainUpdater:1087 - Updater busy. Cannot search thirdparties
2024-11-14 19:10:13,514 [INFO] LoadUrlFilesThread:135 - End of LoadUrlFiles Thread
2024-11-14 19:10:13,963 [INFO] ServerAccessManage:348 - Download File crdb.zip
2024-11-14 19:10:14,374 [INFO] FileExtend:225 - Unzip File : crdb.zip
2024-11-14 19:10:14,374 [INFO] FileExtend:240 - Standard Zip Deflate
2024-11-14 19:10:14,430 [INFO] LoadUrlFilesThread:135 - End of LoadUrlFiles Thread
2024-11-14 19:10:14,873 [INFO] ServerAccessManage:348 - Download File tutoVideoDB.zip
2024-11-14 19:10:14,941 [INFO] FileExtend:225 - Unzip File : tutoVideoDB.zip
2024-11-14 19:10:14,941 [INFO] FileExtend:240 - Standard Zip Deflate
2024-11-14 19:10:14,994 [INFO] LoadUrlFilesThread:135 - End of LoadUrlFiles Thread
2024-11-14 19:10:15,036 [INFO] DbMcusDocs:145 - JSON generation date=Tue Nov 16 18:17:54 EET 2021 (1637079474)
2024-11-14 19:10:15,036 [INFO] DbMcusXml:100 - Load MCU database from C:\ST\STM32CubeIDE_1.4.0\STM32CubeIDE\plugins\com.st.stm32cube.common.mx_6.0.0.202007160824\\db\/mcu/families.xml
2024-11-14 19:10:15,861 [INFO] DbMcusJson:92 - JSON generation date=Tue Nov 16 18:17:54 EET 2021 (1637079474)
2024-11-14 19:10:15,980 [INFO] ThirdPartyDb:299 - Save Third Party DataBase File (C:/Users/hazem/.stm32cubemx/plugins/thirdparty/db/thirdparties_db.xml) [forced]
2024-11-14 19:10:16,002 [ERROR] ConditionMgr:1027 - genDependencies : Invalid condition id : CMSIS Core with RTOS2 cause : null
2024-11-14 19:10:16,002 [ERROR] ConditionMgr:1027 - genDependencies : Invalid condition id : Network Driver ETH cause : null
2024-11-14 19:10:16,002 [ERROR] ConditionMgr:1027 - genDependencies : Invalid condition id : Network Driver PPP cause : null
2024-11-14 19:10:16,002 [ERROR] ConditionMgr:1027 - genDependencies : Invalid condition id : Network Driver SLIP cause : null
2024-11-14 19:10:16,002 [ERROR] ConditionMgr:1027 - genDependencies : Invalid condition id : Network Core cause : null
2024-11-14 19:10:16,002 [ERROR] ConditionMgr:1027 - genDependencies : Invalid condition id : Network Driver SLIP cause : null
2024-11-14 19:10:16,002 [ERROR] ConditionMgr:1027 - genDependencies : Invalid condition id : Network Driver PPP cause : null
2024-11-14 19:10:16,002 [ERROR] ConditionMgr:1027 - genDependencies : Invalid condition id : CMSIS Core with RTOS2 cause : null
2024-11-14 19:10:16,002 [ERROR] ConditionMgr:1027 - genDependencies : Invalid condition id : Network Core cause : null
2024-11-14 19:10:16,002 [ERROR] ConditionMgr:1027 - genDependencies : Invalid condition id : Network Driver ETH cause : null
2024-11-14 19:10:16,002 [ERROR] ConditionMgr:1027 - genDependencies : Invalid condition id : CMSIS Core with RTOS2 cause : null
2024-11-14 19:10:16,002 [ERROR] ConditionMgr:1027 - genDependencies : Invalid condition id : Network Driver ETH cause : null
2024-11-14 19:10:16,002 [ERROR] ConditionMgr:1027 - genDependencies : Invalid condition id : Network Driver PPP cause : null
2024-11-14 19:10:16,002 [ERROR] ConditionMgr:1027 - genDependencies : Invalid condition id : Network Driver SLIP cause : null
2024-11-14 19:10:16,010 [ERROR] ConditionMgr:1027 - genDependencies : Invalid condition id : Network Core cause : null
2024-11-14 19:10:16,010 [INFO] ThirdPartyDb:299 - Save Third Party DataBase File (C:/Users/hazem/.stm32cubemx/plugins/thirdparty/db/thirdparties_db.xml) [forced]
2024-11-14 19:10:16,026 [ERROR] ConditionMgr:1027 - genDependencies : Invalid condition id : CMSIS Core with RTOS2 cause : null
2024-11-14 19:10:16,026 [ERROR] ConditionMgr:1027 - genDependencies : Invalid condition id : Network Driver ETH cause : null
2024-11-14 19:10:16,026 [ERROR] ConditionMgr:1027 - genDependencies : Invalid condition id : Network Driver PPP cause : null
2024-11-14 19:10:16,026 [ERROR] ConditionMgr:1027 - genDependencies : Invalid condition id : Network Driver SLIP cause : null
2024-11-14 19:10:16,026 [ERROR] ConditionMgr:1027 - genDependencies : Invalid condition id : Network Core cause : null
2024-11-14 19:10:16,026 [ERROR] ConditionMgr:1027 - genDependencies : Invalid condition id : Network Driver SLIP cause : null
2024-11-14 19:10:16,026 [ERROR] ConditionMgr:1027 - genDependencies : Invalid condition id : Network Driver PPP cause : null
2024-11-14 19:10:16,026 [ERROR] ConditionMgr:1027 - genDependencies : Invalid condition id : CMSIS Core with RTOS2 cause : null
2024-11-14 19:10:16,026 [ERROR] ConditionMgr:1027 - genDependencies : Invalid condition id : Network Core cause : null
2024-11-14 19:10:16,026 [ERROR] ConditionMgr:1027 - genDependencies : Invalid condition id : Network Driver ETH cause : null
2024-11-14 19:10:16,026 [ERROR] ConditionMgr:1027 - genDependencies : Invalid condition id : CMSIS Core with RTOS2 cause : null
2024-11-14 19:10:16,026 [ERROR] ConditionMgr:1027 - genDependencies : Invalid condition id : Network Driver ETH cause : null
2024-11-14 19:10:16,026 [ERROR] ConditionMgr:1027 - genDependencies : Invalid condition id : Network Driver PPP cause : null
2024-11-14 19:10:16,026 [ERROR] ConditionMgr:1027 - genDependencies : Invalid condition id : Network Driver SLIP cause : null
2024-11-14 19:10:16,026 [ERROR] ConditionMgr:1027 - genDependencies : Invalid condition id : Network Core cause : null
2024-11-14 19:10:16,026 [INFO] ThirdPartyDb:299 - Save Third Party DataBase File (C:/Users/hazem/.stm32cubemx/plugins/thirdparty/db/thirdparties_db.xml) [forced]
2024-11-14 19:10:16,044 [INFO] ThirdPartyDb:299 - Save Third Party DataBase File (C:/Users/hazem/.stm32cubemx/plugins/thirdparty/db/thirdparties_db.xml) [forced]
2024-11-14 19:10:16,059 [INFO] ThirdPartyDb:299 - Save Third Party DataBase File (C:/Users/hazem/.stm32cubemx/plugins/thirdparty/db/thirdparties_db.xml) [forced]
2024-11-14 19:10:16,084 [INFO] ThirdPartyDb:299 - Save Third Party DataBase File (C:/Users/hazem/.stm32cubemx/plugins/thirdparty/db/thirdparties_db.xml) [forced]
2024-11-14 19:10:16,100 [INFO] ThirdPartyDb:299 - Save Third Party DataBase File (C:/Users/hazem/.stm32cubemx/plugins/thirdparty/db/thirdparties_db.xml) [forced]
2024-11-14 19:10:16,117 [INFO] ThirdPartyDb:299 - Save Third Party DataBase File (C:/Users/hazem/.stm32cubemx/plugins/thirdparty/db/thirdparties_db.xml) [forced]
2024-11-14 19:10:16,141 [INFO] ThirdPartyDb:299 - Save Third Party DataBase File (C:/Users/hazem/.stm32cubemx/plugins/thirdparty/db/thirdparties_db.xml) [forced]
2024-11-14 19:10:16,168 [INFO] ThirdPartyDb:299 - Save Third Party DataBase File (C:/Users/hazem/.stm32cubemx/plugins/thirdparty/db/thirdparties_db.xml) [forced]
2024-11-14 19:10:16,191 [INFO] ThirdPartyDb:299 - Save Third Party DataBase File (C:/Users/hazem/.stm32cubemx/plugins/thirdparty/db/thirdparties_db.xml) [forced]
2024-11-14 19:10:16,215 [INFO] ThirdPartyDb:299 - Save Third Party DataBase File (C:/Users/hazem/.stm32cubemx/plugins/thirdparty/db/thirdparties_db.xml) [forced]
2024-11-14 19:10:16,231 [INFO] ThirdPartyDb:299 - Save Third Party DataBase File (C:/Users/hazem/.stm32cubemx/plugins/thirdparty/db/thirdparties_db.xml) [forced]
2024-11-14 19:10:16,240 [INFO] Engine:289 - softwarePackList size : 13
2024-11-14 19:10:16,248 [INFO] Engine:305 - compute dependency for SwPack FreeRTOS have been done, no update is requested
2024-11-14 19:10:16,248 [INFO] Engine:305 - compute dependency for SwPack lwIP have been done, no update is requested
2024-11-14 19:10:16,248 [INFO] Engine:305 - compute dependency for SwPack lwIP have been done, no update is requested
2024-11-14 19:10:16,248 [INFO] Engine:305 - compute dependency for SwPack MBEDTLS have been done, no update is requested
2024-11-14 19:10:16,248 [INFO] Engine:305 - compute dependency for SwPack MBEDTLS have been done, no update is requested
2024-11-14 19:10:16,248 [INFO] Engine:305 - compute dependency for SwPack PDM2PCM have been done, no update is requested
2024-11-14 19:10:16,248 [INFO] Engine:305 - compute dependency for SwPack PDM2PCM have been done, no update is requested
2024-11-14 19:10:16,248 [INFO] Engine:305 - compute dependency for SwPack PDM2PCM have been done, no update is requested
2024-11-14 19:10:16,248 [INFO] Engine:305 - compute dependency for SwPack USB_DEVICE have been done, no update is requested
2024-11-14 19:10:16,248 [INFO] Engine:305 - compute dependency for SwPack USB_DEVICE have been done, no update is requested
2024-11-14 19:10:16,248 [INFO] Engine:305 - compute dependency for SwPack USB_DEVICE have been done, no update is requested
2024-11-14 19:10:16,248 [INFO] Engine:305 - compute dependency for SwPack USB_HOST have been done, no update is requested
2024-11-14 19:10:16,256 [INFO] Engine:305 - compute dependency for SwPack USB_HOST have been done, no update is requested
2024-11-14 19:10:16,256 [WARN] XmlIntegratedPack:130 - No IP in current MCU
2024-11-14 19:10:16,256 [WARN] XmlIntegratedPack:130 - No IP in current MCU
2024-11-14 19:10:16,256 [WARN] XmlIntegratedPack:130 - No IP in current MCU
2024-11-14 19:10:16,256 [WARN] XmlIntegratedPack:130 - No IP in current MCU
2024-11-14 19:10:16,256 [WARN] XmlIntegratedPack:130 - No IP in current MCU
2024-11-14 19:10:16,256 [WARN] XmlIntegratedPack:130 - No IP in current MCU
2024-11-14 19:10:16,256 [WARN] XmlIntegratedPack:130 - No IP in current MCU
2024-11-14 19:10:16,256 [WARN] XmlIntegratedPack:130 - No IP in current MCU
2024-11-14 19:10:16,256 [WARN] XmlIntegratedPack:130 - No IP in current MCU
2024-11-14 19:10:16,256 [WARN] XmlIntegratedPack:130 - No IP in current MCU
2024-11-14 19:10:16,256 [WARN] XmlIntegratedPack:130 - No IP in current MCU
2024-11-14 19:10:16,256 [WARN] XmlIntegratedPack:130 - No IP in current MCU
2024-11-14 19:10:16,256 [WARN] XmlIntegratedPack:130 - No IP in current MCU
2024-11-14 19:10:16,256 [INFO] ThirdPartyDb:299 - Save Third Party DataBase File (C:/Users/hazem/.stm32cubemx/plugins/thirdparty/db/thirdparties_db.xml) [forced]
2024-11-14 19:10:16,264 [INFO] ThirdPartyDb:299 - Save Third Party DataBase File (C:/Users/hazem/.stm32cubemx/plugins/thirdparty/db/thirdparties_db.xml) [forced]
2024-11-14 19:10:16,264 [INFO] ThirdPartyDb:299 - Save Third Party DataBase File (C:/Users/hazem/.stm32cubemx/plugins/thirdparty/db/thirdparties_db.xml) [forced]
2024-11-14 19:10:16,289 [INFO] ThirdPartyDb:299 - Save Third Party DataBase File (C:/Users/hazem/.stm32cubemx/plugins/thirdparty/db/thirdparties_db.xml) [forced]
2024-11-14 19:10:16,314 [INFO] ThirdPartyDb:299 - Save Third Party DataBase File (C:/Users/hazem/.stm32cubemx/plugins/thirdparty/db/thirdparties_db.xml) [forced]
2024-11-14 19:10:16,330 [INFO] IntegrityCheckThread:76 - exiting critical section [integrity check]
2024-11-14 19:10:16,330 [INFO] IntegrityCheckThread:79 - End integrity checks thread
2024-11-14 19:10:16,797 [INFO] DbMcus:175 - Found 1761 MCUs (1722 are supported by CubeMX, 1911 are visible in CubeMX)
2024-11-14 19:10:16,805 [INFO] ApiDb:192 - User favorites file not found: C:\Users\hazem/.stm32cubemx/favorites.mcus.txt
2024-11-14 19:10:16,805 [INFO] DbMcus:187 - Set 0 / 0 favorites MCUs
2024-11-14 19:10:17,095 [INFO] DbMcusDocs:81 - Found 682 MCUs documents
2024-11-14 19:10:17,103 [INFO] ApiDb:226 - Save user favorites file C:\Users\hazem/.stm32cubemx/favorites.mcus.txt: 0 item(s)
2024-11-14 19:10:17,103 [INFO] ApiDb:230 - User favorites MCUs=[]
2024-11-14 19:10:17,103 [INFO] DbMcusXml:100 - Load MCU database from C:\ST\STM32CubeIDE_1.4.0\STM32CubeIDE\plugins\com.st.stm32cube.common.mx_6.0.0.202007160824\\db\/mcu/families.xml
2024-11-14 19:10:17,676 [INFO] DbMcusJson:92 - JSON generation date=Tue Nov 16 18:17:54 EET 2021 (1637079474)
2024-11-14 19:10:18,203 [INFO] DbMcus:175 - Found 1761 MCUs (1722 are supported by CubeMX, 1911 are visible in CubeMX)
2024-11-14 19:10:18,203 [INFO] ApiDb:201 - Load user favorites file C:\Users\hazem/.stm32cubemx/favorites.mcus.txt: 0 item(s)
2024-11-14 19:10:18,203 [INFO] ApiDb:205 - User favorites MCUs=[]
2024-11-14 19:10:18,211 [INFO] DbMcus:187 - Set 0 / 0 favorites MCUs
2024-11-14 19:10:18,211 [INFO] DbBoardsDocs:145 - JSON generation date=Tue Nov 16 18:17:54 EET 2021 (1637079474)
2024-11-14 19:10:18,269 [INFO] DbBoardsPdsc:94 - Found 23 items
2024-11-14 19:10:18,292 [INFO] DbBoardsPdsc:94 - Found 9 items
2024-11-14 19:10:18,310 [INFO] DbBoardsPdsc:94 - Found 29 items
2024-11-14 19:10:18,334 [INFO] DbBoardsPdsc:94 - Found 1 items
2024-11-14 19:10:18,358 [INFO] DbBoardsPdsc:94 - Found 44 items
2024-11-14 19:10:18,383 [INFO] DbBoardsPdsc:94 - Found 40 items
2024-11-14 19:10:18,399 [INFO] DbBoardsPdsc:94 - Found 2 items
2024-11-14 19:10:18,415 [INFO] DbBoardsPdsc:94 - Found 4 items
2024-11-14 19:10:18,424 [WARN] DbBoardsPdsc:258 - Board STM32H7B3I-DK: unknown feature type=Audio, name=, username=Audio stereo codec with Headphone Amp (CS42L51-CNZ), n=1
2024-11-14 19:10:18,424 [WARN] DbBoardsPdsc:258 - Board STM32H735G-DK: unknown feature type=Audio, name=, username=Audio stereo codec with Headphone Amp (WM8994ECS/R), n=1
2024-11-14 19:10:18,432 [WARN] DbBoardsPdsc:258 - Board STM32H7B3I-EVAL: unknown feature type=Audio, name=, username=Multi-Channel Audio Codec (CS42L51-CNZ), n=1
2024-11-14 19:10:18,432 [WARN] DbBoardsPdsc:258 - Board STM32H7B3I-EVAL: unknown feature type=Meter, name=, username=Power-metering and Temperature-monitoring with sigma-delta modulators, n=1
2024-11-14 19:10:18,432 [WARN] DbBoardsPdsc:258 - Board STM32H7B3I-EVAL: unknown feature type=Motor, name=, username=Motor Control, n=1
2024-11-14 19:10:18,481 [INFO] DbBoardsJson:85 - JSON generation date=Tue Nov 16 18:17:54 EET 2021 (1637079474)
2024-11-14 19:10:18,489 [INFO] DbBoards:117 - Found 166 boards (149 are supported by CubeMX)
2024-11-14 19:10:18,497 [INFO] DbBoardsDocs:145 - JSON generation date=Tue Nov 16 18:17:54 EET 2021 (1637079474)
2024-11-14 19:10:18,500 [INFO] DbBoardsDocs:81 - Found 209 boards documents
2024-11-14 19:10:18,505 [WARN] DbBoards:127 - board B-L475E-IOT01A2 has no document id list !
2024-11-14 19:10:18,505 [WARN] DbBoards:127 - board NUCLEO-H743ZI has no document id list !
2024-11-14 19:10:18,505 [WARN] DbBoards:127 - board P-NUCLEO-WB55-Nucleo has no document id list !
2024-11-14 19:10:18,505 [WARN] DbBoards:127 - board P-NUCLEO-WB55-USBDongle has no document id list !
2024-11-14 19:10:18,505 [WARN] DbBoards:127 - board STEVAL-BFA001V1B has no document id list !
2024-11-14 19:10:18,505 [WARN] DbBoards:127 - board STEVAL-BFA001V2B has no document id list !
2024-11-14 19:10:18,505 [WARN] DbBoards:127 - board STEVAL-IDP005V1 has no document id list !
2024-11-14 19:10:18,505 [WARN] DbBoards:127 - board STEVAL-IDP005V2 has no document id list !
2024-11-14 19:10:18,505 [WARN] DbBoards:127 - board STEVAL-MKSBOX1V1 has no document id list !
2024-11-14 19:10:18,505 [WARN] DbBoards:127 - board STEVAL-STWINKT1 has no document id list !
2024-11-14 19:10:18,505 [WARN] DbBoards:127 - board STEVAL-STWINKT1B has no document id list !
2024-11-14 19:10:18,505 [WARN] DbBoards:127 - board STM32439I-EVAL2 has no document id list !
2024-11-14 19:10:18,505 [WARN] DbBoards:127 - board STM32F401C-DISCO has no document id list !
2024-11-14 19:10:18,505 [WARN] DbBoards:127 - board STM32F769I-DISC1 has no document id list !
2024-11-14 19:10:18,514 [WARN] DbBoards:127 - board STM32G474E-EVAL1 has no document id list !
2024-11-14 19:10:18,514 [WARN] DbBoards:127 - board STM32H743I-EVAL2 has no document id list !
2024-11-14 19:10:18,514 [WARN] DbBoards:127 - board STM32H747I-DISC1 has no document id list !
2024-11-14 19:10:18,514 [WARN] DbBoards:127 - board STM32H753I-EVAL2 has no document id list !
2024-11-14 19:10:18,514 [WARN] DbBoards:127 - board STM32L-DISCOVERY has no document id list !
2024-11-14 19:10:18,695 [ERROR] DbBoards:189 - Image file not found for board B-L462E-CELL1: C:\ST\STM32CubeIDE_1.4.0\STM32CubeIDE\plugins\com.st.stm32cube.common.mx_6.0.0.202007160824\\db\/plugins/mcufinder/images/boards/B-L462E-CELL1_small.jpg
2024-11-14 19:10:18,785 [ERROR] DbBoards:189 - Image file not found for board B-U585I-IOT02A: C:\ST\STM32CubeIDE_1.4.0\STM32CubeIDE\plugins\com.st.stm32cube.common.mx_6.0.0.202007160824\\db\/plugins/mcufinder/images/boards/B-U585I-IOT02A_small.jpg
2024-11-14 19:10:18,959 [ERROR] DbBoards:189 - Image file not found for board NUCLEO-F413ZH: C:\ST\STM32CubeIDE_1.4.0\STM32CubeIDE\plugins\com.st.stm32cube.common.mx_6.0.0.202007160824\\db\/plugins/mcufinder/images/boards/nucleo-f413zh_small.jpg
2024-11-14 19:10:19,166 [ERROR] DbBoards:189 - Image file not found for board NUCLEO-L552ZE-Q: C:\ST\STM32CubeIDE_1.4.0\STM32CubeIDE\plugins\com.st.stm32cube.common.mx_6.0.0.202007160824\\db\/plugins/mcufinder/images/boards/nucleo_l552ze_q_small.jpg
2024-11-14 19:10:19,166 [ERROR] DbBoards:189 - Image file not found for board NUCLEO-U575ZI-Q: C:\ST\STM32CubeIDE_1.4.0\STM32CubeIDE\plugins\com.st.stm32cube.common.mx_6.0.0.202007160824\\db\/plugins/mcufinder/images/boards/nucleo-u575zi-q_small.jpg
2024-11-14 19:10:19,166 [ERROR] DbBoards:189 - Image file not found for board NUCLEO-WB15CC: C:\ST\STM32CubeIDE_1.4.0\STM32CubeIDE\plugins\com.st.stm32cube.common.mx_6.0.0.202007160824\\db\/plugins/mcufinder/images/boards/nucleo-wb15cc_small.jpg
2024-11-14 19:10:19,166 [ERROR] DbBoards:189 - Image file not found for board NUCLEO-WB55RG: C:\ST\STM32CubeIDE_1.4.0\STM32CubeIDE\plugins\com.st.stm32cube.common.mx_6.0.0.202007160824\\db\/plugins/mcufinder/images/boards/nucleo-wb55rg_small.jpg
2024-11-14 19:10:19,166 [ERROR] DbBoards:189 - Image file not found for board NUCLEO-WL55JC: C:\ST\STM32CubeIDE_1.4.0\STM32CubeIDE\plugins\com.st.stm32cube.common.mx_6.0.0.202007160824\\db\/plugins/mcufinder/images/boards/nucleo-wl55jc-small.jpg
2024-11-14 19:10:19,530 [ERROR] DbBoards:189 - Image file not found for board STEVAL-STWINKT1B: C:\ST\STM32CubeIDE_1.4.0\STM32CubeIDE\plugins\com.st.stm32cube.common.mx_6.0.0.202007160824\\db\/plugins/mcufinder/images/boards/steval-stwinkt1b_small.jpg
2024-11-14 19:10:20,461 [ERROR] DbBoards:189 - Image file not found for board STM32G0C1E-EV: C:\ST\STM32CubeIDE_1.4.0\STM32CubeIDE\plugins\com.st.stm32cube.common.mx_6.0.0.202007160824\\db\/plugins/mcufinder/images/boards/stm32g0c1e-eval_small.jpg
2024-11-14 19:10:20,667 [ERROR] DbBoards:189 - Image file not found for board STM32H7B3I-EVAL: C:\ST\STM32CubeIDE_1.4.0\STM32CubeIDE\plugins\com.st.stm32cube.common.mx_6.0.0.202007160824\\db\/plugins/mcufinder/images/boards/stm32h7b3ieval_small.jpg
2024-11-14 19:10:21,167 [ERROR] DbBoards:189 - Image file not found for board STM32U575I-EV: C:\ST\STM32CubeIDE_1.4.0\STM32CubeIDE\plugins\com.st.stm32cube.common.mx_6.0.0.202007160824\\db\/plugins/mcufinder/images/boards/stm32u575i-ev_small.jpg
2024-11-14 19:10:21,217 [ERROR] DbBoards:189 - Image file not found for board STM32WB5MM-DK: C:\ST\STM32CubeIDE_1.4.0\STM32CubeIDE\plugins\com.st.stm32cube.common.mx_6.0.0.202007160824\\db\/plugins/mcufinder/images/boards/STM32WB5MM-DK_small.jpg
2024-11-14 19:10:21,217 [INFO] ApiDb:192 - User favorites file not found: C:\Users\hazem/.stm32cubemx/favorites.boards.txt
2024-11-14 19:10:21,217 [INFO] DbBoards:206 - Set 0 / 0 favorites Boards
2024-11-14 19:10:21,225 [INFO] DbBoardsDocs:81 - Found 418 boards documents
2024-11-14 19:10:21,228 [INFO] ApiDb:226 - Save user favorites file C:\Users\hazem/.stm32cubemx/favorites.boards.txt: 0 item(s)
2024-11-14 19:10:21,228 [INFO] ApiDb:230 - User favorites Boards=[]
2024-11-14 19:10:21,228 [INFO] DbBoardsPdsc:94 - Found 23 items
2024-11-14 19:10:21,233 [INFO] DbBoardsPdsc:94 - Found 9 items
2024-11-14 19:10:21,234 [INFO] DbBoardsPdsc:94 - Found 29 items
2024-11-14 19:10:21,234 [INFO] DbBoardsPdsc:94 - Found 1 items
2024-11-14 19:10:21,234 [INFO] DbBoardsPdsc:94 - Found 44 items
2024-11-14 19:10:21,241 [INFO] DbBoardsPdsc:94 - Found 40 items
2024-11-14 19:10:21,241 [INFO] DbBoardsPdsc:94 - Found 2 items
2024-11-14 19:10:21,249 [INFO] DbBoardsPdsc:94 - Found 4 items
2024-11-14 19:10:21,251 [WARN] DbBoardsPdsc:258 - Board STM32H7B3I-DK: unknown feature type=Audio, name=, username=Audio stereo codec with Headphone Amp (CS42L51-CNZ), n=1
2024-11-14 19:10:21,251 [WARN] DbBoardsPdsc:258 - Board STM32H735G-DK: unknown feature type=Audio, name=, username=Audio stereo codec with Headphone Amp (WM8994ECS/R), n=1
2024-11-14 19:10:21,255 [WARN] DbBoardsPdsc:258 - Board STM32H7B3I-EVAL: unknown feature type=Audio, name=, username=Multi-Channel Audio Codec (CS42L51-CNZ), n=1
2024-11-14 19:10:21,255 [WARN] DbBoardsPdsc:258 - Board STM32H7B3I-EVAL: unknown feature type=Meter, name=, username=Power-metering and Temperature-monitoring with sigma-delta modulators, n=1
2024-11-14 19:10:21,255 [WARN] DbBoardsPdsc:258 - Board STM32H7B3I-EVAL: unknown feature type=Motor, name=, username=Motor Control, n=1
2024-11-14 19:10:21,265 [INFO] DbBoardsJson:85 - JSON generation date=Tue Nov 16 18:17:54 EET 2021 (1637079474)
2024-11-14 19:10:21,279 [INFO] DbBoards:117 - Found 166 boards (149 are supported by CubeMX)
2024-11-14 19:10:21,279 [WARN] DbBoards:127 - board B-L475E-IOT01A2 has no document id list !
2024-11-14 19:10:21,279 [WARN] DbBoards:127 - board NUCLEO-H743ZI has no document id list !
2024-11-14 19:10:21,279 [WARN] DbBoards:127 - board P-NUCLEO-WB55-Nucleo has no document id list !
2024-11-14 19:10:21,279 [WARN] DbBoards:127 - board P-NUCLEO-WB55-USBDongle has no document id list !
2024-11-14 19:10:21,279 [WARN] DbBoards:127 - board STEVAL-BFA001V1B has no document id list !
2024-11-14 19:10:21,279 [WARN] DbBoards:127 - board STEVAL-BFA001V2B has no document id list !
2024-11-14 19:10:21,279 [WARN] DbBoards:127 - board STEVAL-IDP005V1 has no document id list !
2024-11-14 19:10:21,279 [WARN] DbBoards:127 - board STEVAL-IDP005V2 has no document id list !
2024-11-14 19:10:21,279 [WARN] DbBoards:127 - board STEVAL-MKSBOX1V1 has no document id list !
2024-11-14 19:10:21,279 [WARN] DbBoards:127 - board STEVAL-STWINKT1 has no document id list !
2024-11-14 19:10:21,279 [WARN] DbBoards:127 - board STEVAL-STWINKT1B has no document id list !
2024-11-14 19:10:21,279 [WARN] DbBoards:127 - board STM32439I-EVAL2 has no document id list !
2024-11-14 19:10:21,279 [WARN] DbBoards:127 - board STM32F401C-DISCO has no document id list !
2024-11-14 19:10:21,279 [WARN] DbBoards:127 - board STM32F769I-DISC1 has no document id list !
2024-11-14 19:10:21,279 [WARN] DbBoards:127 - board STM32G474E-EVAL1 has no document id list !
2024-11-14 19:10:21,279 [WARN] DbBoards:127 - board STM32H743I-EVAL2 has no document id list !
2024-11-14 19:10:21,279 [WARN] DbBoards:127 - board STM32H747I-DISC1 has no document id list !
2024-11-14 19:10:21,279 [WARN] DbBoards:127 - board STM32H753I-EVAL2 has no document id list !
2024-11-14 19:10:21,279 [WARN] DbBoards:127 - board STM32L-DISCOVERY has no document id list !
2024-11-14 19:10:21,321 [ERROR] DbBoards:189 - Image file not found for board B-L462E-CELL1: C:\ST\STM32CubeIDE_1.4.0\STM32CubeIDE\plugins\com.st.stm32cube.common.mx_6.0.0.202007160824\\db\/plugins/mcufinder/images/boards/B-L462E-CELL1_small.jpg
2024-11-14 19:10:21,368 [ERROR] DbBoards:189 - Image file not found for board B-U585I-IOT02A: C:\ST\STM32CubeIDE_1.4.0\STM32CubeIDE\plugins\com.st.stm32cube.common.mx_6.0.0.202007160824\\db\/plugins/mcufinder/images/boards/B-U585I-IOT02A_small.jpg
2024-11-14 19:10:21,452 [ERROR] DbBoards:189 - Image file not found for board NUCLEO-F413ZH: C:\ST\STM32CubeIDE_1.4.0\STM32CubeIDE\plugins\com.st.stm32cube.common.mx_6.0.0.202007160824\\db\/plugins/mcufinder/images/boards/nucleo-f413zh_small.jpg
2024-11-14 19:10:21,641 [ERROR] DbBoards:189 - Image file not found for board NUCLEO-L552ZE-Q: C:\ST\STM32CubeIDE_1.4.0\STM32CubeIDE\plugins\com.st.stm32cube.common.mx_6.0.0.202007160824\\db\/plugins/mcufinder/images/boards/nucleo_l552ze_q_small.jpg
2024-11-14 19:10:21,641 [ERROR] DbBoards:189 - Image file not found for board NUCLEO-U575ZI-Q: C:\ST\STM32CubeIDE_1.4.0\STM32CubeIDE\plugins\com.st.stm32cube.common.mx_6.0.0.202007160824\\db\/plugins/mcufinder/images/boards/nucleo-u575zi-q_small.jpg
2024-11-14 19:10:21,641 [ERROR] DbBoards:189 - Image file not found for board NUCLEO-WB15CC: C:\ST\STM32CubeIDE_1.4.0\STM32CubeIDE\plugins\com.st.stm32cube.common.mx_6.0.0.202007160824\\db\/plugins/mcufinder/images/boards/nucleo-wb15cc_small.jpg
2024-11-14 19:10:21,641 [ERROR] DbBoards:189 - Image file not found for board NUCLEO-WB55RG: C:\ST\STM32CubeIDE_1.4.0\STM32CubeIDE\plugins\com.st.stm32cube.common.mx_6.0.0.202007160824\\db\/plugins/mcufinder/images/boards/nucleo-wb55rg_small.jpg
2024-11-14 19:10:21,641 [ERROR] DbBoards:189 - Image file not found for board NUCLEO-WL55JC: C:\ST\STM32CubeIDE_1.4.0\STM32CubeIDE\plugins\com.st.stm32cube.common.mx_6.0.0.202007160824\\db\/plugins/mcufinder/images/boards/nucleo-wl55jc-small.jpg
2024-11-14 19:10:21,780 [ERROR] DbBoards:189 - Image file not found for board STEVAL-STWINKT1B: C:\ST\STM32CubeIDE_1.4.0\STM32CubeIDE\plugins\com.st.stm32cube.common.mx_6.0.0.202007160824\\db\/plugins/mcufinder/images/boards/steval-stwinkt1b_small.jpg
2024-11-14 19:10:22,042 [ERROR] DbBoards:189 - Image file not found for board STM32G0C1E-EV: C:\ST\STM32CubeIDE_1.4.0\STM32CubeIDE\plugins\com.st.stm32cube.common.mx_6.0.0.202007160824\\db\/plugins/mcufinder/images/boards/stm32g0c1e-eval_small.jpg
2024-11-14 19:10:22,115 [ERROR] DbBoards:189 - Image file not found for board STM32H7B3I-EVAL: C:\ST\STM32CubeIDE_1.4.0\STM32CubeIDE\plugins\com.st.stm32cube.common.mx_6.0.0.202007160824\\db\/plugins/mcufinder/images/boards/stm32h7b3ieval_small.jpg
2024-11-14 19:10:22,286 [ERROR] DbBoards:189 - Image file not found for board STM32U575I-EV: C:\ST\STM32CubeIDE_1.4.0\STM32CubeIDE\plugins\com.st.stm32cube.common.mx_6.0.0.202007160824\\db\/plugins/mcufinder/images/boards/stm32u575i-ev_small.jpg
2024-11-14 19:10:22,319 [ERROR] DbBoards:189 - Image file not found for board STM32WB5MM-DK: C:\ST\STM32CubeIDE_1.4.0\STM32CubeIDE\plugins\com.st.stm32cube.common.mx_6.0.0.202007160824\\db\/plugins/mcufinder/images/boards/STM32WB5MM-DK_small.jpg
2024-11-14 19:10:22,319 [INFO] ApiDb:201 - Load user favorites file C:\Users\hazem/.stm32cubemx/favorites.boards.txt: 0 item(s)
2024-11-14 19:10:22,319 [INFO] ApiDb:205 - User favorites Boards=[]
2024-11-14 19:10:22,319 [INFO] DbBoards:206 - Set 0 / 0 favorites Boards
2024-11-14 19:10:22,541 [INFO] DbExamplesSqlite:156 - SQLite db open (C:\Users\hazem\.stmcufinder\plugins\mcufinder\mcu\cube-finder-db.db)
2024-11-14 19:10:23,494 [INFO] DbExamplesSqlite:447 - Ignored 0 examples not supported by CubeIDE
2024-11-14 19:10:23,494 [INFO] DbExamplesSqlite:448 - Found 8617 examples active
2024-11-14 19:10:23,494 [INFO] DbExamplesSqlite:449 - Found 0 examples obsolete
2024-11-14 19:10:23,494 [INFO] DbExamplesSqlite:450 - Found 0 examples under development
2024-11-14 19:10:23,494 [INFO] DbExamplesSqlite:451 - Found 10 examples not building
2024-11-14 19:10:23,583 [INFO] DbExamplesSqlite:130 - SQLite Data Model version=2.1
2024-11-14 19:10:23,583 [INFO] DbExamplesSqlite:131 - SQLite Configuration version=3.0.39
2024-11-14 19:10:23,591 [INFO] DbExamplesSqlite:132 - SQLite generation date=2024-10-15 (1729006872)
2024-11-14 19:10:23,591 [INFO] DbExamplesSqlite:133 - SQLite FW Pack versions=[FP-ATR-ASTRA1_V2.0.0, FP-SNS-FLIGHT1_V5.0.2, FP-SNS-MOTENV1_V5.0.0, FP-SNS-MOTENVWB1_V1.4.0, FP-SNS-SMARTAG2_V1.2.0, FP-SNS-STBOX1_V2.0.0, STM32Cube_FW_C0_V1.2.0, STM32Cube_FW_F4_V1.28.1, STM32Cube_FW_F7_V1.17.2, STM32Cube_FW_G0_V1.6.2, STM32Cube_FW_G4_V1.6.0, STM32Cube_FW_H5_V1.3.0, STM32Cube_FW_H7RS_V1.1.0, STM32Cube_FW_H7_V1.11.2, STM32Cube_FW_L0_V1.12.2, STM32Cube_FW_L5_V1.5.1, STM32Cube_FW_U0_V1.1.0, STM32Cube_FW_U5_V1.6.0, STM32Cube_FW_WB0_V1.0.0, STM32Cube_FW_WBA_V1.4.1, STM32Cube_FW_WB_V1.20.0, STM32Cube_FW_WL_V1.3.0, X-CUBE-ALGOBUILD_V1.4.0, X-CUBE-ALS_V1.0.2, X-CUBE-AZRTOS-F4_V1.1.0, X-CUBE-AZRTOS-F7_V1.1.0, X-CUBE-AZRTOS-G0_V1.1.0, X-CUBE-AZRTOS-G4_V2.0.0, X-CUBE-AZRTOS-H7RS_V1.0.0, X-CUBE-AZRTOS-H7_V3.3.0, X-CUBE-AZRTOS-L4_V2.0.0, X-CUBE-AZRTOS-L5_V2.0.0, X-CUBE-AZRTOS-WB_V2.0.0, X-CUBE-AZRTOS-WL_V2.0.0, X-CUBE-BLE1_V7.0.0, X-CUBE-BLE2_V3.3.0, X-CUBE-BLEMGR_V3.1.0, X-CUBE-EEPRMA1_V5.1.0, X-CUBE-FREERTOS_V1.2.0, X-CUBE-GNSS1_V6.0.0, X-CUBE-MEMS1_V11.0.0, X-CUBE-NFC4_V3.0.0, X-CUBE-NFC7_V1.0.1, X-CUBE-SFXS2LP1_V4.0.0, X-CUBE-SUBG2_V5.0.0, X-CUBE-TOF1_V3.4.2]
2024-11-14 19:10:23,591 [INFO] DbExamples:123 - Found 8627 examples
2024-11-14 19:10:24,093 [ERROR] DbExamples:199 - Found 8627 examples with invalid data (board or MCU)
2024-11-14 19:10:24,093 [INFO] DbExamples:215 - Found 78 boards with related examples
2024-11-14 19:10:24,093 [INFO] DbExamples:228 - Found 0 MCUs with related examples
2024-11-14 19:10:24,126 [INFO] ApiDb:192 - User favorites file not found: C:\Users\hazem/.stm32cubemx/favorites.examples.txt
2024-11-14 19:10:24,126 [INFO] DbExamples:249 - Set 0 / 0 favorites Examples
2024-11-14 19:10:24,485 [INFO] McuFinderGlobals:40 - Set McuFinder mode to 2 (CubeIDE integrated)
2024-11-14 19:10:24,650 [INFO] CrossSelectorPresenter:1330 - Cross Selector saved comparison directory: C:\Users\hazem\.stmcufinder\plugins\mcufinder\mcu\cs_comparisons_mx
2024-11-14 19:10:24,658 [INFO] MultiScanPanel:193 - Auto-refresh data requested => check proxy status ongoing
2024-11-14 19:10:24,658 [INFO] FinderPluginLoader:87 - Searching for filters in installed packs
2024-11-14 19:10:25,869 [INFO] ServerAccessManage:348 - Download File 
2024-11-14 19:10:25,921 [INFO] LoadUrlFilesThread:162 - End of LoadServerUrlFiles without Thread
2024-11-14 19:10:25,996 [INFO] DetailPanel:331 - Set advertising image to C:/Users/hazem/STM32Cube/Repository/\stm32cubemx-promo_image.jpg
2024-11-14 19:10:26,505 [INFO] McuFilterPanel:245 - Update 0 favorites MCUs
2024-11-14 19:10:35,995 [INFO] MultiScanPanel:193 - Auto-refresh data requested => check proxy status ongoing
2024-11-14 19:10:36,102 [INFO] LoadUrlFilesThread:162 - End of LoadServerUrlFiles without Thread
2024-11-14 19:10:36,102 [INFO] DetailPanel:331 - Set advertising image to C:/Users/hazem/STM32Cube/Repository/\stm32cubemx-promo_image.jpg
2024-11-14 19:10:36,159 [INFO] BoardFilterPanel:214 - Update 0 favorites Boards
2024-11-14 19:16:42,855 [INFO] LogOutputStream:76 - [STDOUT_REDIRECT] withoutVersionV1.8.4
2024-11-14 19:16:42,864 [INFO] LogOutputStream:76 - [STDOUT_REDIRECT] withoutVersionV1.8.3
2024-11-14 19:16:42,864 [INFO] LogOutputStream:76 - [STDOUT_REDIRECT] withoutVersionV1.8.2
2024-11-14 19:16:42,864 [INFO] LogOutputStream:76 - [STDOUT_REDIRECT] withoutVersionV1.8.1
2024-11-14 19:16:42,864 [INFO] LogOutputStream:76 - [STDOUT_REDIRECT] withoutVersionV1.8.0
2024-11-14 19:16:49,860 [ERROR] LogOutputStream:74 - [STDERR_REDIRECT] [Fatal Error] :1:1: Premature end of file.
2024-11-14 19:16:49,860 [ERROR] LogOutputStream:74 - [STDERR_REDIRECT] 
2024-11-14 19:16:49,973 [ERROR] LogOutputStream:74 - [STDERR_REDIRECT] [Fatal Error] :1:1: Premature end of file.
2024-11-14 19:16:49,974 [ERROR] LogOutputStream:74 - [STDERR_REDIRECT] 
2024-11-14 19:16:50,031 [ERROR] LogOutputStream:74 - [STDERR_REDIRECT] [Fatal Error] :1:1: Premature end of file.
2024-11-14 19:16:50,031 [ERROR] LogOutputStream:74 - [STDERR_REDIRECT] 
2024-11-14 19:16:50,089 [ERROR] LogOutputStream:74 - [STDERR_REDIRECT] [Fatal Error] :1:1: Premature end of file.
2024-11-14 19:16:50,090 [ERROR] LogOutputStream:74 - [STDERR_REDIRECT] 
2024-11-14 19:16:50,151 [ERROR] LogOutputStream:74 - [STDERR_REDIRECT] [Fatal Error] :1:1: Premature end of file.
2024-11-14 19:16:50,151 [ERROR] LogOutputStream:74 - [STDERR_REDIRECT] 
2024-11-14 19:16:50,167 [INFO] ApiDb:226 - Save user favorites file C:\Users\hazem/.stm32cubeide/favorites.mcus.txt: 0 item(s)
2024-11-14 19:16:50,167 [INFO] ApiDb:230 - User favorites MCUs=[]
2024-11-14 19:16:50,167 [INFO] ApiDb:226 - Save user favorites file C:\Users\hazem/.stm32cubeide/favorites.boards.txt: 0 item(s)
2024-11-14 19:16:50,167 [INFO] ApiDb:230 - User favorites Boards=[]
2024-11-14 19:16:51,906 [ERROR] LogOutputStream:74 - [STDERR_REDIRECT] [Fatal Error] :1:1: Premature end of file.
2024-11-14 19:16:51,908 [ERROR] LogOutputStream:74 - [STDERR_REDIRECT] 
2024-11-14 19:16:51,955 [ERROR] LogOutputStream:74 - [STDERR_REDIRECT] [Fatal Error] :1:1: Premature end of file.
2024-11-14 19:16:51,955 [ERROR] LogOutputStream:74 - [STDERR_REDIRECT] 
2024-11-14 19:16:52,013 [ERROR] LogOutputStream:74 - [STDERR_REDIRECT] [Fatal Error] :1:1: Premature end of file.
2024-11-14 19:16:52,013 [ERROR] LogOutputStream:74 - [STDERR_REDIRECT] 
2024-11-14 19:16:52,061 [ERROR] LogOutputStream:74 - [STDERR_REDIRECT] [Fatal Error] :1:1: Premature end of file.
2024-11-14 19:16:52,062 [ERROR] LogOutputStream:74 - [STDERR_REDIRECT] 
2024-11-14 19:16:52,136 [ERROR] LogOutputStream:74 - [STDERR_REDIRECT] [Fatal Error] :1:1: Premature end of file.
2024-11-14 19:16:52,136 [ERROR] LogOutputStream:74 - [STDERR_REDIRECT] 
2024-11-14 19:16:52,194 [ERROR] LogOutputStream:74 - [STDERR_REDIRECT] [Fatal Error] :1:1: Premature end of file.
2024-11-14 19:16:52,194 [ERROR] LogOutputStream:74 - [STDERR_REDIRECT] 
2024-11-14 19:16:52,244 [ERROR] LogOutputStream:74 - [STDERR_REDIRECT] [Fatal Error] :1:1: Premature end of file.
2024-11-14 19:16:52,244 [ERROR] LogOutputStream:74 - [STDERR_REDIRECT] 
2024-11-14 21:01:47,036 [ERROR] LogOutputStream:74 - [STDERR_REDIRECT] [Fatal Error] :1:1: Premature end of file.
2024-11-14 21:01:47,036 [ERROR] LogOutputStream:74 - [STDERR_REDIRECT] 
2024-11-14 21:01:47,097 [ERROR] LogOutputStream:74 - [STDERR_REDIRECT] [Fatal Error] :1:1: Premature end of file.
2024-11-14 21:01:47,097 [ERROR] LogOutputStream:74 - [STDERR_REDIRECT] 
2024-11-14 21:01:47,155 [ERROR] LogOutputStream:74 - [STDERR_REDIRECT] [Fatal Error] :1:1: Premature end of file.
2024-11-14 21:01:47,155 [ERROR] LogOutputStream:74 - [STDERR_REDIRECT] 
2024-11-14 21:16:38,513 [ERROR] LogOutputStream:74 - [STDERR_REDIRECT] [Fatal Error] :1:1: Premature end of file.
2024-11-14 21:16:38,513 [ERROR] LogOutputStream:74 - [STDERR_REDIRECT] 
2024-11-14 21:16:38,569 [ERROR] LogOutputStream:74 - [STDERR_REDIRECT] [Fatal Error] :1:1: Premature end of file.
2024-11-14 21:16:38,569 [ERROR] LogOutputStream:74 - [STDERR_REDIRECT] 
2024-11-14 21:16:38,624 [ERROR] LogOutputStream:74 - [STDERR_REDIRECT] [Fatal Error] :1:1: Premature end of file.
2024-11-14 21:16:38,624 [ERROR] LogOutputStream:74 - [STDERR_REDIRECT] 
2024-11-14 21:26:45,454 [ERROR] LogOutputStream:74 - [STDERR_REDIRECT] [Fatal Error] :1:1: Premature end of file.
2024-11-14 21:26:45,455 [ERROR] LogOutputStream:74 - [STDERR_REDIRECT] 
2024-11-14 21:26:45,512 [ERROR] LogOutputStream:74 - [STDERR_REDIRECT] [Fatal Error] :1:1: Premature end of file.
2024-11-14 21:26:45,512 [ERROR] LogOutputStream:74 - [STDERR_REDIRECT] 
2024-11-14 21:26:45,570 [ERROR] LogOutputStream:74 - [STDERR_REDIRECT] [Fatal Error] :1:1: Premature end of file.
2024-11-14 21:26:45,570 [ERROR] LogOutputStream:74 - [STDERR_REDIRECT] 
2024-11-14 21:47:31,524 [ERROR] LogOutputStream:74 - [STDERR_REDIRECT] [Fatal Error] :1:1: Premature end of file.
2024-11-14 21:47:31,525 [ERROR] LogOutputStream:74 - [STDERR_REDIRECT] 
2024-11-14 21:47:31,585 [ERROR] LogOutputStream:74 - [STDERR_REDIRECT] [Fatal Error] :1:1: Premature end of file.
2024-11-14 21:47:31,585 [ERROR] LogOutputStream:74 - [STDERR_REDIRECT] 
2024-11-14 21:47:31,639 [ERROR] LogOutputStream:74 - [STDERR_REDIRECT] [Fatal Error] :1:1: Premature end of file.
2024-11-14 21:47:31,640 [ERROR] LogOutputStream:74 - [STDERR_REDIRECT] 
2024-11-14 21:48:18,947 [ERROR] LogOutputStream:74 - [STDERR_REDIRECT] [Fatal Error] :1:1: Premature end of file.
2024-11-14 21:48:18,949 [ERROR] LogOutputStream:74 - [STDERR_REDIRECT] 
2024-11-14 21:48:19,004 [ERROR] LogOutputStream:74 - [STDERR_REDIRECT] [Fatal Error] :1:1: Premature end of file.
2024-11-14 21:48:19,005 [ERROR] LogOutputStream:74 - [STDERR_REDIRECT] 
2024-11-14 21:48:19,417 [ERROR] LogOutputStream:74 - [STDERR_REDIRECT] [Fatal Error] :1:1: Premature end of file.
2024-11-14 21:48:19,418 [ERROR] LogOutputStream:74 - [STDERR_REDIRECT] 
